2019-04-22 01:18:49,501 [Worker-8] INFO  o.e.m.c.i.e.AbstractTransferListenerAdapter - Downloading https://repo.maven.apache.org/maven2/org/springframework/boot/spring-boot-starter-parent/2.1.4.RELEASE/spring-boot-starter-parent-2.1.4.RELEASE.pom
2019-04-22 01:18:49,791 [Worker-8] INFO  o.e.m.c.i.e.AbstractTransferListenerAdapter - Downloaded https://repo.maven.apache.org/maven2/org/springframework/boot/spring-boot-starter-parent/2.1.4.RELEASE/spring-boot-starter-parent-2.1.4.RELEASE.pom
2019-04-22 01:18:50,133 [Worker-8] INFO  o.e.m.c.i.e.AbstractTransferListenerAdapter - Downloading https://repo.maven.apache.org/maven2/org/springframework/boot/spring-boot-dependencies/2.1.4.RELEASE/spring-boot-dependencies-2.1.4.RELEASE.pom
2019-04-22 01:18:52,259 [Worker-8] INFO  o.e.m.c.i.e.AbstractTransferListenerAdapter - Downloaded https://repo.maven.apache.org/maven2/org/springframework/boot/spring-boot-dependencies/2.1.4.RELEASE/spring-boot-dependencies-2.1.4.RELEASE.pom
2019-04-22 01:18:52,674 [Worker-8] INFO  o.e.m.c.i.e.AbstractTransferListenerAdapter - Downloading https://repo.maven.apache.org/maven2/com/fasterxml/jackson/jackson-bom/2.9.8/jackson-bom-2.9.8.pom
2019-04-22 01:18:53,210 [Worker-8] INFO  o.e.m.c.i.e.AbstractTransferListenerAdapter - Downloaded https://repo.maven.apache.org/maven2/com/fasterxml/jackson/jackson-bom/2.9.8/jackson-bom-2.9.8.pom
2019-04-22 01:18:53,548 [Worker-8] INFO  o.e.m.c.i.e.AbstractTransferListenerAdapter - Downloading https://repo.maven.apache.org/maven2/com/fasterxml/jackson/jackson-parent/2.9.1.2/jackson-parent-2.9.1.2.pom
2019-04-22 01:18:53,816 [Worker-8] INFO  o.e.m.c.i.e.AbstractTransferListenerAdapter - Downloaded https://repo.maven.apache.org/maven2/com/fasterxml/jackson/jackson-parent/2.9.1.2/jackson-parent-2.9.1.2.pom
2019-04-22 01:18:54,133 [Worker-8] INFO  o.e.m.c.i.e.AbstractTransferListenerAdapter - Downloading https://repo.maven.apache.org/maven2/com/fasterxml/oss-parent/34/oss-parent-34.pom
2019-04-22 01:18:54,673 [Worker-8] INFO  o.e.m.c.i.e.AbstractTransferListenerAdapter - Downloaded https://repo.maven.apache.org/maven2/com/fasterxml/oss-parent/34/oss-parent-34.pom
2019-04-22 01:18:55,084 [Worker-8] INFO  o.e.m.c.i.e.AbstractTransferListenerAdapter - Downloading https://repo.maven.apache.org/maven2/io/netty/netty-bom/4.1.34.Final/netty-bom-4.1.34.Final.pom
2019-04-22 01:18:55,353 [Worker-8] INFO  o.e.m.c.i.e.AbstractTransferListenerAdapter - Downloaded https://repo.maven.apache.org/maven2/io/netty/netty-bom/4.1.34.Final/netty-bom-4.1.34.Final.pom
2019-04-22 01:18:55,722 [Worker-8] INFO  o.e.m.c.i.e.AbstractTransferListenerAdapter - Downloading https://repo.maven.apache.org/maven2/io/projectreactor/reactor-bom/Californium-SR6/reactor-bom-Californium-SR6.pom
2019-04-22 01:18:55,989 [Worker-8] INFO  o.e.m.c.i.e.AbstractTransferListenerAdapter - Downloaded https://repo.maven.apache.org/maven2/io/projectreactor/reactor-bom/Californium-SR6/reactor-bom-Californium-SR6.pom
2019-04-22 01:18:56,533 [Worker-8] INFO  o.e.m.c.i.e.AbstractTransferListenerAdapter - Downloading https://repo.maven.apache.org/maven2/org/apache/logging/log4j/log4j-bom/2.11.2/log4j-bom-2.11.2.pom
2019-04-22 01:18:56,801 [Worker-8] INFO  o.e.m.c.i.e.AbstractTransferListenerAdapter - Downloaded https://repo.maven.apache.org/maven2/org/apache/logging/log4j/log4j-bom/2.11.2/log4j-bom-2.11.2.pom
2019-04-22 01:18:57,367 [Worker-8] INFO  o.e.m.c.i.e.AbstractTransferListenerAdapter - Downloading https://repo.maven.apache.org/maven2/org/eclipse/jetty/jetty-bom/9.4.15.v20190215/jetty-bom-9.4.15.v20190215.pom
2019-04-22 01:18:57,899 [Worker-8] INFO  o.e.m.c.i.e.AbstractTransferListenerAdapter - Downloaded https://repo.maven.apache.org/maven2/org/eclipse/jetty/jetty-bom/9.4.15.v20190215/jetty-bom-9.4.15.v20190215.pom
2019-04-22 01:18:58,340 [Worker-8] INFO  o.e.m.c.i.e.AbstractTransferListenerAdapter - Downloading https://repo.maven.apache.org/maven2/org/junit/junit-bom/5.3.2/junit-bom-5.3.2.pom
2019-04-22 01:18:58,606 [Worker-8] INFO  o.e.m.c.i.e.AbstractTransferListenerAdapter - Downloaded https://repo.maven.apache.org/maven2/org/junit/junit-bom/5.3.2/junit-bom-5.3.2.pom
2019-04-22 01:18:58,936 [Worker-8] INFO  o.e.m.c.i.e.AbstractTransferListenerAdapter - Downloading https://repo.maven.apache.org/maven2/org/springframework/spring-framework-bom/5.1.6.RELEASE/spring-framework-bom-5.1.6.RELEASE.pom
2019-04-22 01:18:59,206 [Worker-8] INFO  o.e.m.c.i.e.AbstractTransferListenerAdapter - Downloaded https://repo.maven.apache.org/maven2/org/springframework/spring-framework-bom/5.1.6.RELEASE/spring-framework-bom-5.1.6.RELEASE.pom
2019-04-22 01:18:59,523 [Worker-8] INFO  o.e.m.c.i.e.AbstractTransferListenerAdapter - Downloading https://repo.maven.apache.org/maven2/org/springframework/data/spring-data-releasetrain/Lovelace-SR6/spring-data-releasetrain-Lovelace-SR6.pom
2019-04-22 01:18:59,803 [Worker-8] INFO  o.e.m.c.i.e.AbstractTransferListenerAdapter - Downloaded https://repo.maven.apache.org/maven2/org/springframework/data/spring-data-releasetrain/Lovelace-SR6/spring-data-releasetrain-Lovelace-SR6.pom
2019-04-22 01:19:00,129 [Worker-8] INFO  o.e.m.c.i.e.AbstractTransferListenerAdapter - Downloading https://repo.maven.apache.org/maven2/org/springframework/data/build/spring-data-build/2.1.6.RELEASE/spring-data-build-2.1.6.RELEASE.pom
2019-04-22 01:19:00,413 [Worker-8] INFO  o.e.m.c.i.e.AbstractTransferListenerAdapter - Downloaded https://repo.maven.apache.org/maven2/org/springframework/data/build/spring-data-build/2.1.6.RELEASE/spring-data-build-2.1.6.RELEASE.pom
2019-04-22 01:19:00,735 [Worker-8] INFO  o.e.m.c.i.e.AbstractTransferListenerAdapter - Downloading https://repo.maven.apache.org/maven2/org/springframework/integration/spring-integration-bom/5.1.4.RELEASE/spring-integration-bom-5.1.4.RELEASE.pom
2019-04-22 01:19:01,005 [Worker-8] INFO  o.e.m.c.i.e.AbstractTransferListenerAdapter - Downloaded https://repo.maven.apache.org/maven2/org/springframework/integration/spring-integration-bom/5.1.4.RELEASE/spring-integration-bom-5.1.4.RELEASE.pom
2019-04-22 01:19:01,309 [Worker-8] INFO  o.e.m.c.i.e.AbstractTransferListenerAdapter - Downloading https://repo.maven.apache.org/maven2/org/springframework/security/spring-security-bom/5.1.5.RELEASE/spring-security-bom-5.1.5.RELEASE.pom
2019-04-22 01:19:01,584 [Worker-8] INFO  o.e.m.c.i.e.AbstractTransferListenerAdapter - Downloaded https://repo.maven.apache.org/maven2/org/springframework/security/spring-security-bom/5.1.5.RELEASE/spring-security-bom-5.1.5.RELEASE.pom
2019-04-22 01:19:01,886 [Worker-8] INFO  o.e.m.c.i.e.AbstractTransferListenerAdapter - Downloading https://repo.maven.apache.org/maven2/org/springframework/session/spring-session-bom/Bean-SR4/spring-session-bom-Bean-SR4.pom
2019-04-22 01:19:02,159 [Worker-8] INFO  o.e.m.c.i.e.AbstractTransferListenerAdapter - Downloaded https://repo.maven.apache.org/maven2/org/springframework/session/spring-session-bom/Bean-SR4/spring-session-bom-Bean-SR4.pom
2019-04-22 01:19:04,274 [Worker-8] INFO  o.e.m.c.i.e.AbstractTransferListenerAdapter - Downloading https://repo.maven.apache.org/maven2/org/springframework/boot/spring-boot-maven-plugin/2.1.4.RELEASE/spring-boot-maven-plugin-2.1.4.RELEASE.pom
2019-04-22 01:19:04,604 [Worker-8] INFO  o.e.m.c.i.e.AbstractTransferListenerAdapter - Downloaded https://repo.maven.apache.org/maven2/org/springframework/boot/spring-boot-maven-plugin/2.1.4.RELEASE/spring-boot-maven-plugin-2.1.4.RELEASE.pom
2019-04-22 01:19:04,945 [Worker-8] INFO  o.e.m.c.i.e.AbstractTransferListenerAdapter - Downloading https://repo.maven.apache.org/maven2/org/springframework/boot/spring-boot-tools/2.1.4.RELEASE/spring-boot-tools-2.1.4.RELEASE.pom
2019-04-22 01:19:05,212 [Worker-8] INFO  o.e.m.c.i.e.AbstractTransferListenerAdapter - Downloaded https://repo.maven.apache.org/maven2/org/springframework/boot/spring-boot-tools/2.1.4.RELEASE/spring-boot-tools-2.1.4.RELEASE.pom
2019-04-22 01:19:05,544 [Worker-8] INFO  o.e.m.c.i.e.AbstractTransferListenerAdapter - Downloading https://repo.maven.apache.org/maven2/org/springframework/boot/spring-boot-parent/2.1.4.RELEASE/spring-boot-parent-2.1.4.RELEASE.pom
2019-04-22 01:19:05,831 [Worker-8] INFO  o.e.m.c.i.e.AbstractTransferListenerAdapter - Downloaded https://repo.maven.apache.org/maven2/org/springframework/boot/spring-boot-parent/2.1.4.RELEASE/spring-boot-parent-2.1.4.RELEASE.pom
2019-04-22 01:19:06,392 [Worker-8] INFO  o.e.m.c.i.e.AbstractTransferListenerAdapter - Downloading https://repo.maven.apache.org/maven2/org/springframework/boot/spring-boot-maven-plugin/2.1.4.RELEASE/spring-boot-maven-plugin-2.1.4.RELEASE.jar
2019-04-22 01:19:07,459 [Worker-8] INFO  o.e.m.c.i.e.AbstractTransferListenerAdapter - Downloaded https://repo.maven.apache.org/maven2/org/springframework/boot/spring-boot-maven-plugin/2.1.4.RELEASE/spring-boot-maven-plugin-2.1.4.RELEASE.jar
2019-04-22 01:19:09,164 [Worker-8] INFO  o.e.m.c.i.e.AbstractTransferListenerAdapter - Downloading https://repo.maven.apache.org/maven2/org/apache/maven/plugins/maven-jar-plugin/3.1.1/maven-jar-plugin-3.1.1.jar
2019-04-22 01:19:09,441 [Worker-8] INFO  o.e.m.c.i.e.AbstractTransferListenerAdapter - Downloaded https://repo.maven.apache.org/maven2/org/apache/maven/plugins/maven-jar-plugin/3.1.1/maven-jar-plugin-3.1.1.jar
2019-04-22 01:19:15,528 [Worker-8] INFO  o.e.m.c.i.l.LifecycleMappingFactory - Using org.eclipse.m2e.jdt.JarLifecycleMapping lifecycle mapping for MavenProject: com.arghya.tool:springbackend:0.0.1-SNAPSHOT @ F:\Full_Stack_PPM_Tool\Spring_Backend\PPMToolBackEnd\pom.xml.
2019-04-22 01:19:15,935 [Worker-8] INFO  o.e.m.c.i.e.AbstractTransferListenerAdapter - Downloading https://repo.maven.apache.org/maven2/org/springframework/boot/spring-boot-starter-data-jpa/2.1.4.RELEASE/spring-boot-starter-data-jpa-2.1.4.RELEASE.pom
2019-04-22 01:19:16,205 [Worker-8] INFO  o.e.m.c.i.e.AbstractTransferListenerAdapter - Downloaded https://repo.maven.apache.org/maven2/org/springframework/boot/spring-boot-starter-data-jpa/2.1.4.RELEASE/spring-boot-starter-data-jpa-2.1.4.RELEASE.pom
2019-04-22 01:19:16,531 [Worker-8] INFO  o.e.m.c.i.e.AbstractTransferListenerAdapter - Downloading https://repo.maven.apache.org/maven2/org/springframework/boot/spring-boot-starters/2.1.4.RELEASE/spring-boot-starters-2.1.4.RELEASE.pom
2019-04-22 01:19:16,801 [Worker-8] INFO  o.e.m.c.i.e.AbstractTransferListenerAdapter - Downloaded https://repo.maven.apache.org/maven2/org/springframework/boot/spring-boot-starters/2.1.4.RELEASE/spring-boot-starters-2.1.4.RELEASE.pom
2019-04-22 01:19:17,128 [Worker-8] INFO  o.e.m.c.i.e.AbstractTransferListenerAdapter - Downloading https://repo.maven.apache.org/maven2/org/springframework/boot/spring-boot-starter-aop/2.1.4.RELEASE/spring-boot-starter-aop-2.1.4.RELEASE.pom
2019-04-22 01:19:17,405 [Worker-8] INFO  o.e.m.c.i.e.AbstractTransferListenerAdapter - Downloaded https://repo.maven.apache.org/maven2/org/springframework/boot/spring-boot-starter-aop/2.1.4.RELEASE/spring-boot-starter-aop-2.1.4.RELEASE.pom
2019-04-22 01:19:17,718 [Worker-8] INFO  o.e.m.c.i.e.AbstractTransferListenerAdapter - Downloading https://repo.maven.apache.org/maven2/org/springframework/boot/spring-boot-starter/2.1.4.RELEASE/spring-boot-starter-2.1.4.RELEASE.pom
2019-04-22 01:19:17,990 [Worker-8] INFO  o.e.m.c.i.e.AbstractTransferListenerAdapter - Downloaded https://repo.maven.apache.org/maven2/org/springframework/boot/spring-boot-starter/2.1.4.RELEASE/spring-boot-starter-2.1.4.RELEASE.pom
2019-04-22 01:19:18,299 [Worker-8] INFO  o.e.m.c.i.e.AbstractTransferListenerAdapter - Downloading https://repo.maven.apache.org/maven2/org/springframework/boot/spring-boot/2.1.4.RELEASE/spring-boot-2.1.4.RELEASE.pom
2019-04-22 01:19:18,833 [Worker-8] INFO  o.e.m.c.i.e.AbstractTransferListenerAdapter - Downloaded https://repo.maven.apache.org/maven2/org/springframework/boot/spring-boot/2.1.4.RELEASE/spring-boot-2.1.4.RELEASE.pom
2019-04-22 01:19:19,145 [Worker-8] INFO  o.e.m.c.i.e.AbstractTransferListenerAdapter - Downloading https://repo.maven.apache.org/maven2/org/springframework/spring-core/5.1.6.RELEASE/spring-core-5.1.6.RELEASE.pom
2019-04-22 01:19:19,413 [Worker-8] INFO  o.e.m.c.i.e.AbstractTransferListenerAdapter - Downloaded https://repo.maven.apache.org/maven2/org/springframework/spring-core/5.1.6.RELEASE/spring-core-5.1.6.RELEASE.pom
2019-04-22 01:19:19,723 [Worker-8] INFO  o.e.m.c.i.e.AbstractTransferListenerAdapter - Downloading https://repo.maven.apache.org/maven2/org/springframework/spring-jcl/5.1.6.RELEASE/spring-jcl-5.1.6.RELEASE.pom
2019-04-22 01:19:19,993 [Worker-8] INFO  o.e.m.c.i.e.AbstractTransferListenerAdapter - Downloaded https://repo.maven.apache.org/maven2/org/springframework/spring-jcl/5.1.6.RELEASE/spring-jcl-5.1.6.RELEASE.pom
2019-04-22 01:19:20,323 [Worker-8] INFO  o.e.m.c.i.e.AbstractTransferListenerAdapter - Downloading https://repo.maven.apache.org/maven2/org/springframework/spring-context/5.1.6.RELEASE/spring-context-5.1.6.RELEASE.pom
2019-04-22 01:19:20,591 [Worker-8] INFO  o.e.m.c.i.e.AbstractTransferListenerAdapter - Downloaded https://repo.maven.apache.org/maven2/org/springframework/spring-context/5.1.6.RELEASE/spring-context-5.1.6.RELEASE.pom
2019-04-22 01:19:20,906 [Worker-8] INFO  o.e.m.c.i.e.AbstractTransferListenerAdapter - Downloading https://repo.maven.apache.org/maven2/org/springframework/spring-aop/5.1.6.RELEASE/spring-aop-5.1.6.RELEASE.pom
2019-04-22 01:19:21,174 [Worker-8] INFO  o.e.m.c.i.e.AbstractTransferListenerAdapter - Downloaded https://repo.maven.apache.org/maven2/org/springframework/spring-aop/5.1.6.RELEASE/spring-aop-5.1.6.RELEASE.pom
2019-04-22 01:19:21,462 [Worker-8] INFO  o.e.m.c.i.e.AbstractTransferListenerAdapter - Downloading https://repo.maven.apache.org/maven2/org/springframework/spring-beans/5.1.6.RELEASE/spring-beans-5.1.6.RELEASE.pom
2019-04-22 01:19:21,728 [Worker-8] INFO  o.e.m.c.i.e.AbstractTransferListenerAdapter - Downloaded https://repo.maven.apache.org/maven2/org/springframework/spring-beans/5.1.6.RELEASE/spring-beans-5.1.6.RELEASE.pom
2019-04-22 01:19:22,028 [Worker-8] INFO  o.e.m.c.i.e.AbstractTransferListenerAdapter - Downloading https://repo.maven.apache.org/maven2/org/springframework/spring-expression/5.1.6.RELEASE/spring-expression-5.1.6.RELEASE.pom
2019-04-22 01:19:22,300 [Worker-8] INFO  o.e.m.c.i.e.AbstractTransferListenerAdapter - Downloaded https://repo.maven.apache.org/maven2/org/springframework/spring-expression/5.1.6.RELEASE/spring-expression-5.1.6.RELEASE.pom
2019-04-22 01:19:22,621 [Worker-8] INFO  o.e.m.c.i.e.AbstractTransferListenerAdapter - Downloading https://repo.maven.apache.org/maven2/org/springframework/boot/spring-boot-autoconfigure/2.1.4.RELEASE/spring-boot-autoconfigure-2.1.4.RELEASE.pom
2019-04-22 01:19:23,411 [Worker-8] INFO  o.e.m.c.i.e.AbstractTransferListenerAdapter - Downloaded https://repo.maven.apache.org/maven2/org/springframework/boot/spring-boot-autoconfigure/2.1.4.RELEASE/spring-boot-autoconfigure-2.1.4.RELEASE.pom
2019-04-22 01:19:23,766 [Worker-8] INFO  o.e.m.c.i.e.AbstractTransferListenerAdapter - Downloading https://repo.maven.apache.org/maven2/org/springframework/boot/spring-boot-starter-logging/2.1.4.RELEASE/spring-boot-starter-logging-2.1.4.RELEASE.pom
2019-04-22 01:19:24,035 [Worker-8] INFO  o.e.m.c.i.e.AbstractTransferListenerAdapter - Downloaded https://repo.maven.apache.org/maven2/org/springframework/boot/spring-boot-starter-logging/2.1.4.RELEASE/spring-boot-starter-logging-2.1.4.RELEASE.pom
2019-04-22 01:19:24,465 [Worker-8] INFO  o.e.m.c.i.e.AbstractTransferListenerAdapter - Downloading https://repo.maven.apache.org/maven2/org/slf4j/slf4j-api/1.7.26/slf4j-api-1.7.26.pom
2019-04-22 01:19:24,731 [Worker-8] INFO  o.e.m.c.i.e.AbstractTransferListenerAdapter - Downloaded https://repo.maven.apache.org/maven2/org/slf4j/slf4j-api/1.7.26/slf4j-api-1.7.26.pom
2019-04-22 01:19:25,010 [Worker-8] INFO  o.e.m.c.i.e.AbstractTransferListenerAdapter - Downloading https://repo.maven.apache.org/maven2/org/slf4j/slf4j-parent/1.7.26/slf4j-parent-1.7.26.pom
2019-04-22 01:19:25,536 [Worker-8] INFO  o.e.m.c.i.e.AbstractTransferListenerAdapter - Downloaded https://repo.maven.apache.org/maven2/org/slf4j/slf4j-parent/1.7.26/slf4j-parent-1.7.26.pom
2019-04-22 01:19:25,889 [Worker-8] INFO  o.e.m.c.i.e.AbstractTransferListenerAdapter - Downloading https://repo.maven.apache.org/maven2/org/apache/logging/log4j/log4j-to-slf4j/2.11.2/log4j-to-slf4j-2.11.2.pom
2019-04-22 01:19:26,162 [Worker-8] INFO  o.e.m.c.i.e.AbstractTransferListenerAdapter - Downloaded https://repo.maven.apache.org/maven2/org/apache/logging/log4j/log4j-to-slf4j/2.11.2/log4j-to-slf4j-2.11.2.pom
2019-04-22 01:19:26,459 [Worker-8] INFO  o.e.m.c.i.e.AbstractTransferListenerAdapter - Downloading https://repo.maven.apache.org/maven2/org/apache/logging/log4j/log4j/2.11.2/log4j-2.11.2.pom
2019-04-22 01:19:27,524 [Worker-8] INFO  o.e.m.c.i.e.AbstractTransferListenerAdapter - Downloaded https://repo.maven.apache.org/maven2/org/apache/logging/log4j/log4j/2.11.2/log4j-2.11.2.pom
2019-04-22 01:19:27,889 [Worker-8] INFO  o.e.m.c.i.e.AbstractTransferListenerAdapter - Downloading https://repo.maven.apache.org/maven2/org/apache/logging/log4j/log4j-api/2.11.2/log4j-api-2.11.2.pom
2019-04-22 01:19:28,159 [Worker-8] INFO  o.e.m.c.i.e.AbstractTransferListenerAdapter - Downloaded https://repo.maven.apache.org/maven2/org/apache/logging/log4j/log4j-api/2.11.2/log4j-api-2.11.2.pom
2019-04-22 01:19:28,472 [Worker-8] INFO  o.e.m.c.i.e.AbstractTransferListenerAdapter - Downloading https://repo.maven.apache.org/maven2/org/slf4j/jul-to-slf4j/1.7.26/jul-to-slf4j-1.7.26.pom
2019-04-22 01:19:28,741 [Worker-8] INFO  o.e.m.c.i.e.AbstractTransferListenerAdapter - Downloaded https://repo.maven.apache.org/maven2/org/slf4j/jul-to-slf4j/1.7.26/jul-to-slf4j-1.7.26.pom
2019-04-22 01:19:29,207 [Worker-8] INFO  o.e.m.c.i.e.AbstractTransferListenerAdapter - Downloading https://repo.maven.apache.org/maven2/org/aspectj/aspectjweaver/1.9.2/aspectjweaver-1.9.2.pom
2019-04-22 01:19:29,475 [Worker-8] INFO  o.e.m.c.i.e.AbstractTransferListenerAdapter - Downloaded https://repo.maven.apache.org/maven2/org/aspectj/aspectjweaver/1.9.2/aspectjweaver-1.9.2.pom
2019-04-22 01:19:29,793 [Worker-8] INFO  o.e.m.c.i.e.AbstractTransferListenerAdapter - Downloading https://repo.maven.apache.org/maven2/org/springframework/boot/spring-boot-starter-jdbc/2.1.4.RELEASE/spring-boot-starter-jdbc-2.1.4.RELEASE.pom
2019-04-22 01:19:30,071 [Worker-8] INFO  o.e.m.c.i.e.AbstractTransferListenerAdapter - Downloaded https://repo.maven.apache.org/maven2/org/springframework/boot/spring-boot-starter-jdbc/2.1.4.RELEASE/spring-boot-starter-jdbc-2.1.4.RELEASE.pom
2019-04-22 01:19:30,436 [Worker-8] INFO  o.e.m.c.i.e.AbstractTransferListenerAdapter - Downloading https://repo.maven.apache.org/maven2/com/zaxxer/HikariCP/3.2.0/HikariCP-3.2.0.pom
2019-04-22 01:19:30,968 [Worker-8] INFO  o.e.m.c.i.e.AbstractTransferListenerAdapter - Downloaded https://repo.maven.apache.org/maven2/com/zaxxer/HikariCP/3.2.0/HikariCP-3.2.0.pom
2019-04-22 01:19:31,264 [Worker-8] INFO  o.e.m.c.i.e.AbstractTransferListenerAdapter - Downloading https://repo.maven.apache.org/maven2/org/springframework/spring-jdbc/5.1.6.RELEASE/spring-jdbc-5.1.6.RELEASE.pom
2019-04-22 01:19:31,538 [Worker-8] INFO  o.e.m.c.i.e.AbstractTransferListenerAdapter - Downloaded https://repo.maven.apache.org/maven2/org/springframework/spring-jdbc/5.1.6.RELEASE/spring-jdbc-5.1.6.RELEASE.pom
2019-04-22 01:19:31,884 [Worker-8] INFO  o.e.m.c.i.e.AbstractTransferListenerAdapter - Downloading https://repo.maven.apache.org/maven2/org/springframework/spring-tx/5.1.6.RELEASE/spring-tx-5.1.6.RELEASE.pom
2019-04-22 01:19:32,157 [Worker-8] INFO  o.e.m.c.i.e.AbstractTransferListenerAdapter - Downloaded https://repo.maven.apache.org/maven2/org/springframework/spring-tx/5.1.6.RELEASE/spring-tx-5.1.6.RELEASE.pom
2019-04-22 01:19:32,501 [Worker-8] INFO  o.e.m.c.i.e.AbstractTransferListenerAdapter - Downloading https://repo.maven.apache.org/maven2/javax/transaction/javax.transaction-api/1.3/javax.transaction-api-1.3.pom
2019-04-22 01:19:32,785 [Worker-8] INFO  o.e.m.c.i.e.AbstractTransferListenerAdapter - Downloaded https://repo.maven.apache.org/maven2/javax/transaction/javax.transaction-api/1.3/javax.transaction-api-1.3.pom
2019-04-22 01:19:33,149 [Worker-8] INFO  o.e.m.c.i.e.AbstractTransferListenerAdapter - Downloading https://repo.maven.apache.org/maven2/javax/xml/bind/jaxb-api/2.3.1/jaxb-api-2.3.1.pom
2019-04-22 01:19:33,678 [Worker-8] INFO  o.e.m.c.i.e.AbstractTransferListenerAdapter - Downloaded https://repo.maven.apache.org/maven2/javax/xml/bind/jaxb-api/2.3.1/jaxb-api-2.3.1.pom
2019-04-22 01:19:33,952 [Worker-8] INFO  o.e.m.c.i.e.AbstractTransferListenerAdapter - Downloading https://repo.maven.apache.org/maven2/javax/xml/bind/jaxb-api-parent/2.3.1/jaxb-api-parent-2.3.1.pom
2019-04-22 01:19:34,222 [Worker-8] INFO  o.e.m.c.i.e.AbstractTransferListenerAdapter - Downloaded https://repo.maven.apache.org/maven2/javax/xml/bind/jaxb-api-parent/2.3.1/jaxb-api-parent-2.3.1.pom
2019-04-22 01:19:34,526 [Worker-8] INFO  o.e.m.c.i.e.AbstractTransferListenerAdapter - Downloading https://repo.maven.apache.org/maven2/javax/activation/javax.activation-api/1.2.0/javax.activation-api-1.2.0.pom
2019-04-22 01:19:34,824 [Worker-8] INFO  o.e.m.c.i.e.AbstractTransferListenerAdapter - Downloaded https://repo.maven.apache.org/maven2/javax/activation/javax.activation-api/1.2.0/javax.activation-api-1.2.0.pom
2019-04-22 01:19:35,117 [Worker-8] INFO  o.e.m.c.i.e.AbstractTransferListenerAdapter - Downloading https://repo.maven.apache.org/maven2/com/sun/activation/all/1.2.0/all-1.2.0.pom
2019-04-22 01:19:35,497 [Worker-8] INFO  o.e.m.c.i.e.AbstractTransferListenerAdapter - Downloaded https://repo.maven.apache.org/maven2/com/sun/activation/all/1.2.0/all-1.2.0.pom
2019-04-22 01:19:35,854 [Worker-8] INFO  o.e.m.c.i.e.AbstractTransferListenerAdapter - Downloading https://repo.maven.apache.org/maven2/org/hibernate/hibernate-core/5.3.9.Final/hibernate-core-5.3.9.Final.pom
2019-04-22 01:19:36,126 [Worker-8] INFO  o.e.m.c.i.e.AbstractTransferListenerAdapter - Downloaded https://repo.maven.apache.org/maven2/org/hibernate/hibernate-core/5.3.9.Final/hibernate-core-5.3.9.Final.pom
2019-04-22 01:19:36,571 [Worker-8] INFO  o.e.m.c.i.e.AbstractTransferListenerAdapter - Downloading https://repo.maven.apache.org/maven2/javax/persistence/javax.persistence-api/2.2/javax.persistence-api-2.2.pom
2019-04-22 01:19:36,853 [Worker-8] INFO  o.e.m.c.i.e.AbstractTransferListenerAdapter - Downloaded https://repo.maven.apache.org/maven2/javax/persistence/javax.persistence-api/2.2/javax.persistence-api-2.2.pom
2019-04-22 01:19:37,176 [Worker-8] INFO  o.e.m.c.i.e.AbstractTransferListenerAdapter - Downloading https://repo.maven.apache.org/maven2/org/javassist/javassist/3.23.1-GA/javassist-3.23.1-GA.pom
2019-04-22 01:19:37,449 [Worker-8] INFO  o.e.m.c.i.e.AbstractTransferListenerAdapter - Downloaded https://repo.maven.apache.org/maven2/org/javassist/javassist/3.23.1-GA/javassist-3.23.1-GA.pom
2019-04-22 01:19:37,790 [Worker-8] INFO  o.e.m.c.i.e.AbstractTransferListenerAdapter - Downloading https://repo.maven.apache.org/maven2/net/bytebuddy/byte-buddy/1.9.12/byte-buddy-1.9.12.pom
2019-04-22 01:19:38,061 [Worker-8] INFO  o.e.m.c.i.e.AbstractTransferListenerAdapter - Downloaded https://repo.maven.apache.org/maven2/net/bytebuddy/byte-buddy/1.9.12/byte-buddy-1.9.12.pom
2019-04-22 01:19:38,371 [Worker-8] INFO  o.e.m.c.i.e.AbstractTransferListenerAdapter - Downloading https://repo.maven.apache.org/maven2/net/bytebuddy/byte-buddy-parent/1.9.12/byte-buddy-parent-1.9.12.pom
2019-04-22 01:19:38,919 [Worker-8] INFO  o.e.m.c.i.e.AbstractTransferListenerAdapter - Downloaded https://repo.maven.apache.org/maven2/net/bytebuddy/byte-buddy-parent/1.9.12/byte-buddy-parent-1.9.12.pom
2019-04-22 01:19:39,261 [Worker-8] INFO  o.e.m.c.i.e.AbstractTransferListenerAdapter - Downloading https://repo.maven.apache.org/maven2/org/jboss/jandex/2.0.5.Final/jandex-2.0.5.Final.pom
2019-04-22 01:19:39,528 [Worker-8] INFO  o.e.m.c.i.e.AbstractTransferListenerAdapter - Downloaded https://repo.maven.apache.org/maven2/org/jboss/jandex/2.0.5.Final/jandex-2.0.5.Final.pom
2019-04-22 01:19:39,976 [Worker-8] INFO  o.e.m.c.i.e.AbstractTransferListenerAdapter - Downloading https://repo.maven.apache.org/maven2/org/dom4j/dom4j/2.1.1/dom4j-2.1.1.pom
2019-04-22 01:19:40,251 [Worker-8] INFO  o.e.m.c.i.e.AbstractTransferListenerAdapter - Downloaded https://repo.maven.apache.org/maven2/org/dom4j/dom4j/2.1.1/dom4j-2.1.1.pom
2019-04-22 01:19:40,536 [Worker-8] INFO  o.e.m.c.i.e.AbstractTransferListenerAdapter - Downloading https://repo.maven.apache.org/maven2/org/hibernate/common/hibernate-commons-annotations/5.0.4.Final/hibernate-commons-annotations-5.0.4.Final.pom
2019-04-22 01:19:40,831 [Worker-8] INFO  o.e.m.c.i.e.AbstractTransferListenerAdapter - Downloaded https://repo.maven.apache.org/maven2/org/hibernate/common/hibernate-commons-annotations/5.0.4.Final/hibernate-commons-annotations-5.0.4.Final.pom
2019-04-22 01:19:41,125 [Worker-8] INFO  o.e.m.c.i.e.AbstractTransferListenerAdapter - Downloading https://repo.maven.apache.org/maven2/org/springframework/data/spring-data-jpa/2.1.6.RELEASE/spring-data-jpa-2.1.6.RELEASE.pom
2019-04-22 01:19:41,394 [Worker-8] INFO  o.e.m.c.i.e.AbstractTransferListenerAdapter - Downloaded https://repo.maven.apache.org/maven2/org/springframework/data/spring-data-jpa/2.1.6.RELEASE/spring-data-jpa-2.1.6.RELEASE.pom
2019-04-22 01:19:41,857 [Worker-8] INFO  o.e.m.c.i.e.AbstractTransferListenerAdapter - Downloading https://repo.maven.apache.org/maven2/org/springframework/data/build/spring-data-parent/2.1.6.RELEASE/spring-data-parent-2.1.6.RELEASE.pom
2019-04-22 01:19:42,418 [Worker-8] INFO  o.e.m.c.i.e.AbstractTransferListenerAdapter - Downloaded https://repo.maven.apache.org/maven2/org/springframework/data/build/spring-data-parent/2.1.6.RELEASE/spring-data-parent-2.1.6.RELEASE.pom
2019-04-22 01:19:42,729 [Worker-8] INFO  o.e.m.c.i.e.AbstractTransferListenerAdapter - Downloading https://repo.maven.apache.org/maven2/org/springframework/data/spring-data-commons/2.1.6.RELEASE/spring-data-commons-2.1.6.RELEASE.pom
2019-04-22 01:19:43,006 [Worker-8] INFO  o.e.m.c.i.e.AbstractTransferListenerAdapter - Downloaded https://repo.maven.apache.org/maven2/org/springframework/data/spring-data-commons/2.1.6.RELEASE/spring-data-commons-2.1.6.RELEASE.pom
2019-04-22 01:19:43,367 [Worker-8] INFO  o.e.m.c.i.e.AbstractTransferListenerAdapter - Downloading https://repo.maven.apache.org/maven2/org/springframework/spring-orm/5.1.6.RELEASE/spring-orm-5.1.6.RELEASE.pom
2019-04-22 01:19:43,640 [Worker-8] INFO  o.e.m.c.i.e.AbstractTransferListenerAdapter - Downloaded https://repo.maven.apache.org/maven2/org/springframework/spring-orm/5.1.6.RELEASE/spring-orm-5.1.6.RELEASE.pom
2019-04-22 01:19:43,977 [Worker-8] INFO  o.e.m.c.i.e.AbstractTransferListenerAdapter - Downloading https://repo.maven.apache.org/maven2/org/springframework/spring-aspects/5.1.6.RELEASE/spring-aspects-5.1.6.RELEASE.pom
2019-04-22 01:19:44,255 [Worker-8] INFO  o.e.m.c.i.e.AbstractTransferListenerAdapter - Downloaded https://repo.maven.apache.org/maven2/org/springframework/spring-aspects/5.1.6.RELEASE/spring-aspects-5.1.6.RELEASE.pom
2019-04-22 01:19:44,660 [Worker-8] INFO  o.e.m.c.i.e.AbstractTransferListenerAdapter - Downloading https://repo.maven.apache.org/maven2/org/springframework/boot/spring-boot-starter-web/2.1.4.RELEASE/spring-boot-starter-web-2.1.4.RELEASE.pom
2019-04-22 01:19:44,938 [Worker-8] INFO  o.e.m.c.i.e.AbstractTransferListenerAdapter - Downloaded https://repo.maven.apache.org/maven2/org/springframework/boot/spring-boot-starter-web/2.1.4.RELEASE/spring-boot-starter-web-2.1.4.RELEASE.pom
2019-04-22 01:19:45,270 [Worker-8] INFO  o.e.m.c.i.e.AbstractTransferListenerAdapter - Downloading https://repo.maven.apache.org/maven2/org/springframework/boot/spring-boot-starter-json/2.1.4.RELEASE/spring-boot-starter-json-2.1.4.RELEASE.pom
2019-04-22 01:19:45,542 [Worker-8] INFO  o.e.m.c.i.e.AbstractTransferListenerAdapter - Downloaded https://repo.maven.apache.org/maven2/org/springframework/boot/spring-boot-starter-json/2.1.4.RELEASE/spring-boot-starter-json-2.1.4.RELEASE.pom
2019-04-22 01:19:45,843 [Worker-8] INFO  o.e.m.c.i.e.AbstractTransferListenerAdapter - Downloading https://repo.maven.apache.org/maven2/org/springframework/spring-web/5.1.6.RELEASE/spring-web-5.1.6.RELEASE.pom
2019-04-22 01:19:46,118 [Worker-8] INFO  o.e.m.c.i.e.AbstractTransferListenerAdapter - Downloaded https://repo.maven.apache.org/maven2/org/springframework/spring-web/5.1.6.RELEASE/spring-web-5.1.6.RELEASE.pom
2019-04-22 01:19:46,518 [Worker-8] INFO  o.e.m.c.i.e.AbstractTransferListenerAdapter - Downloading https://repo.maven.apache.org/maven2/com/fasterxml/jackson/core/jackson-databind/2.9.8/jackson-databind-2.9.8.pom
2019-04-22 01:19:46,790 [Worker-8] INFO  o.e.m.c.i.e.AbstractTransferListenerAdapter - Downloaded https://repo.maven.apache.org/maven2/com/fasterxml/jackson/core/jackson-databind/2.9.8/jackson-databind-2.9.8.pom
2019-04-22 01:19:47,102 [Worker-8] INFO  o.e.m.c.i.e.AbstractTransferListenerAdapter - Downloading https://repo.maven.apache.org/maven2/com/fasterxml/jackson/jackson-base/2.9.8/jackson-base-2.9.8.pom
2019-04-22 01:19:47,372 [Worker-8] INFO  o.e.m.c.i.e.AbstractTransferListenerAdapter - Downloaded https://repo.maven.apache.org/maven2/com/fasterxml/jackson/jackson-base/2.9.8/jackson-base-2.9.8.pom
2019-04-22 01:19:47,855 [Worker-8] INFO  o.e.m.c.i.e.AbstractTransferListenerAdapter - Downloading https://repo.maven.apache.org/maven2/com/fasterxml/jackson/core/jackson-core/2.9.8/jackson-core-2.9.8.pom
2019-04-22 01:19:48,122 [Worker-8] INFO  o.e.m.c.i.e.AbstractTransferListenerAdapter - Downloaded https://repo.maven.apache.org/maven2/com/fasterxml/jackson/core/jackson-core/2.9.8/jackson-core-2.9.8.pom
2019-04-22 01:19:48,426 [Worker-8] INFO  o.e.m.c.i.e.AbstractTransferListenerAdapter - Downloading https://repo.maven.apache.org/maven2/com/fasterxml/jackson/datatype/jackson-datatype-jdk8/2.9.8/jackson-datatype-jdk8-2.9.8.pom
2019-04-22 01:19:48,693 [Worker-8] INFO  o.e.m.c.i.e.AbstractTransferListenerAdapter - Downloaded https://repo.maven.apache.org/maven2/com/fasterxml/jackson/datatype/jackson-datatype-jdk8/2.9.8/jackson-datatype-jdk8-2.9.8.pom
2019-04-22 01:19:49,022 [Worker-8] INFO  o.e.m.c.i.e.AbstractTransferListenerAdapter - Downloading https://repo.maven.apache.org/maven2/com/fasterxml/jackson/module/jackson-modules-java8/2.9.8/jackson-modules-java8-2.9.8.pom
2019-04-22 01:19:49,297 [Worker-8] INFO  o.e.m.c.i.e.AbstractTransferListenerAdapter - Downloaded https://repo.maven.apache.org/maven2/com/fasterxml/jackson/module/jackson-modules-java8/2.9.8/jackson-modules-java8-2.9.8.pom
2019-04-22 01:19:49,588 [Worker-8] INFO  o.e.m.c.i.e.AbstractTransferListenerAdapter - Downloading https://repo.maven.apache.org/maven2/com/fasterxml/jackson/datatype/jackson-datatype-jsr310/2.9.8/jackson-datatype-jsr310-2.9.8.pom
2019-04-22 01:19:49,863 [Worker-8] INFO  o.e.m.c.i.e.AbstractTransferListenerAdapter - Downloaded https://repo.maven.apache.org/maven2/com/fasterxml/jackson/datatype/jackson-datatype-jsr310/2.9.8/jackson-datatype-jsr310-2.9.8.pom
2019-04-22 01:19:50,214 [Worker-8] INFO  o.e.m.c.i.e.AbstractTransferListenerAdapter - Downloading https://repo.maven.apache.org/maven2/com/fasterxml/jackson/module/jackson-module-parameter-names/2.9.8/jackson-module-parameter-names-2.9.8.pom
2019-04-22 01:19:50,484 [Worker-8] INFO  o.e.m.c.i.e.AbstractTransferListenerAdapter - Downloaded https://repo.maven.apache.org/maven2/com/fasterxml/jackson/module/jackson-module-parameter-names/2.9.8/jackson-module-parameter-names-2.9.8.pom
2019-04-22 01:19:50,791 [Worker-8] INFO  o.e.m.c.i.e.AbstractTransferListenerAdapter - Downloading https://repo.maven.apache.org/maven2/org/springframework/boot/spring-boot-starter-tomcat/2.1.4.RELEASE/spring-boot-starter-tomcat-2.1.4.RELEASE.pom
2019-04-22 01:19:51,058 [Worker-8] INFO  o.e.m.c.i.e.AbstractTransferListenerAdapter - Downloaded https://repo.maven.apache.org/maven2/org/springframework/boot/spring-boot-starter-tomcat/2.1.4.RELEASE/spring-boot-starter-tomcat-2.1.4.RELEASE.pom
2019-04-22 01:19:52,768 [Worker-8] INFO  o.e.m.c.i.e.AbstractTransferListenerAdapter - Downloading https://repo.maven.apache.org/maven2/org/apache/tomcat/embed/tomcat-embed-core/9.0.17/tomcat-embed-core-9.0.17.pom
2019-04-22 01:19:53,032 [Worker-8] INFO  o.e.m.c.i.e.AbstractTransferListenerAdapter - Downloaded https://repo.maven.apache.org/maven2/org/apache/tomcat/embed/tomcat-embed-core/9.0.17/tomcat-embed-core-9.0.17.pom
2019-04-22 01:19:53,336 [Worker-8] INFO  o.e.m.c.i.e.AbstractTransferListenerAdapter - Downloading https://repo.maven.apache.org/maven2/org/apache/tomcat/embed/tomcat-embed-el/9.0.17/tomcat-embed-el-9.0.17.pom
2019-04-22 01:19:53,616 [Worker-8] INFO  o.e.m.c.i.e.AbstractTransferListenerAdapter - Downloaded https://repo.maven.apache.org/maven2/org/apache/tomcat/embed/tomcat-embed-el/9.0.17/tomcat-embed-el-9.0.17.pom
2019-04-22 01:19:53,934 [Worker-8] INFO  o.e.m.c.i.e.AbstractTransferListenerAdapter - Downloading https://repo.maven.apache.org/maven2/org/apache/tomcat/embed/tomcat-embed-websocket/9.0.17/tomcat-embed-websocket-9.0.17.pom
2019-04-22 01:19:54,200 [Worker-8] INFO  o.e.m.c.i.e.AbstractTransferListenerAdapter - Downloaded https://repo.maven.apache.org/maven2/org/apache/tomcat/embed/tomcat-embed-websocket/9.0.17/tomcat-embed-websocket-9.0.17.pom
2019-04-22 01:19:54,515 [Worker-8] INFO  o.e.m.c.i.e.AbstractTransferListenerAdapter - Downloading https://repo.maven.apache.org/maven2/org/apache/tomcat/tomcat-annotations-api/9.0.17/tomcat-annotations-api-9.0.17.pom
2019-04-22 01:19:54,794 [Worker-8] INFO  o.e.m.c.i.e.AbstractTransferListenerAdapter - Downloaded https://repo.maven.apache.org/maven2/org/apache/tomcat/tomcat-annotations-api/9.0.17/tomcat-annotations-api-9.0.17.pom
2019-04-22 01:19:55,123 [Worker-8] INFO  o.e.m.c.i.e.AbstractTransferListenerAdapter - Downloading https://repo.maven.apache.org/maven2/org/hibernate/validator/hibernate-validator/6.0.16.Final/hibernate-validator-6.0.16.Final.pom
2019-04-22 01:19:55,393 [Worker-8] INFO  o.e.m.c.i.e.AbstractTransferListenerAdapter - Downloaded https://repo.maven.apache.org/maven2/org/hibernate/validator/hibernate-validator/6.0.16.Final/hibernate-validator-6.0.16.Final.pom
2019-04-22 01:19:55,723 [Worker-8] INFO  o.e.m.c.i.e.AbstractTransferListenerAdapter - Downloading https://repo.maven.apache.org/maven2/org/hibernate/validator/hibernate-validator-parent/6.0.16.Final/hibernate-validator-parent-6.0.16.Final.pom
2019-04-22 01:19:56,260 [Worker-8] INFO  o.e.m.c.i.e.AbstractTransferListenerAdapter - Downloaded https://repo.maven.apache.org/maven2/org/hibernate/validator/hibernate-validator-parent/6.0.16.Final/hibernate-validator-parent-6.0.16.Final.pom
2019-04-22 01:19:57,005 [Worker-8] INFO  o.e.m.c.i.e.AbstractTransferListenerAdapter - Downloading https://repo.maven.apache.org/maven2/org/springframework/spring-webmvc/5.1.6.RELEASE/spring-webmvc-5.1.6.RELEASE.pom
2019-04-22 01:19:57,271 [Worker-8] INFO  o.e.m.c.i.e.AbstractTransferListenerAdapter - Downloaded https://repo.maven.apache.org/maven2/org/springframework/spring-webmvc/5.1.6.RELEASE/spring-webmvc-5.1.6.RELEASE.pom
2019-04-22 01:19:57,570 [Worker-8] INFO  o.e.m.c.i.e.AbstractTransferListenerAdapter - Downloading https://repo.maven.apache.org/maven2/org/springframework/boot/spring-boot-devtools/2.1.4.RELEASE/spring-boot-devtools-2.1.4.RELEASE.pom
2019-04-22 01:19:57,887 [Worker-8] INFO  o.e.m.c.i.e.AbstractTransferListenerAdapter - Downloaded https://repo.maven.apache.org/maven2/org/springframework/boot/spring-boot-devtools/2.1.4.RELEASE/spring-boot-devtools-2.1.4.RELEASE.pom
2019-04-22 01:19:58,190 [Worker-8] INFO  o.e.m.c.i.e.AbstractTransferListenerAdapter - Downloading https://repo.maven.apache.org/maven2/com/h2database/h2/1.4.199/h2-1.4.199.pom
2019-04-22 01:19:58,459 [Worker-8] INFO  o.e.m.c.i.e.AbstractTransferListenerAdapter - Downloaded https://repo.maven.apache.org/maven2/com/h2database/h2/1.4.199/h2-1.4.199.pom
2019-04-22 01:19:58,770 [Worker-8] INFO  o.e.m.c.i.e.AbstractTransferListenerAdapter - Downloading https://repo.maven.apache.org/maven2/mysql/mysql-connector-java/8.0.15/mysql-connector-java-8.0.15.pom
2019-04-22 01:19:59,039 [Worker-8] INFO  o.e.m.c.i.e.AbstractTransferListenerAdapter - Downloaded https://repo.maven.apache.org/maven2/mysql/mysql-connector-java/8.0.15/mysql-connector-java-8.0.15.pom
2019-04-22 01:19:59,375 [Worker-8] INFO  o.e.m.c.i.e.AbstractTransferListenerAdapter - Downloading https://repo.maven.apache.org/maven2/org/springframework/boot/spring-boot-starter-test/2.1.4.RELEASE/spring-boot-starter-test-2.1.4.RELEASE.pom
2019-04-22 01:19:59,646 [Worker-8] INFO  o.e.m.c.i.e.AbstractTransferListenerAdapter - Downloaded https://repo.maven.apache.org/maven2/org/springframework/boot/spring-boot-starter-test/2.1.4.RELEASE/spring-boot-starter-test-2.1.4.RELEASE.pom
2019-04-22 01:19:59,945 [Worker-8] INFO  o.e.m.c.i.e.AbstractTransferListenerAdapter - Downloading https://repo.maven.apache.org/maven2/org/springframework/boot/spring-boot-test/2.1.4.RELEASE/spring-boot-test-2.1.4.RELEASE.pom
2019-04-22 01:20:00,221 [Worker-8] INFO  o.e.m.c.i.e.AbstractTransferListenerAdapter - Downloaded https://repo.maven.apache.org/maven2/org/springframework/boot/spring-boot-test/2.1.4.RELEASE/spring-boot-test-2.1.4.RELEASE.pom
2019-04-22 01:20:00,551 [Worker-8] INFO  o.e.m.c.i.e.AbstractTransferListenerAdapter - Downloading https://repo.maven.apache.org/maven2/org/springframework/boot/spring-boot-test-autoconfigure/2.1.4.RELEASE/spring-boot-test-autoconfigure-2.1.4.RELEASE.pom
2019-04-22 01:20:00,822 [Worker-8] INFO  o.e.m.c.i.e.AbstractTransferListenerAdapter - Downloaded https://repo.maven.apache.org/maven2/org/springframework/boot/spring-boot-test-autoconfigure/2.1.4.RELEASE/spring-boot-test-autoconfigure-2.1.4.RELEASE.pom
2019-04-22 01:20:01,597 [Worker-8] INFO  o.e.m.c.i.e.AbstractTransferListenerAdapter - Downloading https://repo.maven.apache.org/maven2/org/mockito/mockito-core/2.23.4/mockito-core-2.23.4.pom
2019-04-22 01:20:01,870 [Worker-8] INFO  o.e.m.c.i.e.AbstractTransferListenerAdapter - Downloaded https://repo.maven.apache.org/maven2/org/mockito/mockito-core/2.23.4/mockito-core-2.23.4.pom
2019-04-22 01:20:02,185 [Worker-8] INFO  o.e.m.c.i.e.AbstractTransferListenerAdapter - Downloading https://repo.maven.apache.org/maven2/net/bytebuddy/byte-buddy-agent/1.9.12/byte-buddy-agent-1.9.12.pom
2019-04-22 01:20:02,467 [Worker-8] INFO  o.e.m.c.i.e.AbstractTransferListenerAdapter - Downloaded https://repo.maven.apache.org/maven2/net/bytebuddy/byte-buddy-agent/1.9.12/byte-buddy-agent-1.9.12.pom
2019-04-22 01:20:02,919 [Worker-8] INFO  o.e.m.c.i.e.AbstractTransferListenerAdapter - Downloading https://repo.maven.apache.org/maven2/org/springframework/spring-test/5.1.6.RELEASE/spring-test-5.1.6.RELEASE.pom
2019-04-22 01:20:03,193 [Worker-8] INFO  o.e.m.c.i.e.AbstractTransferListenerAdapter - Downloaded https://repo.maven.apache.org/maven2/org/springframework/spring-test/5.1.6.RELEASE/spring-test-5.1.6.RELEASE.pom
2019-04-22 01:20:04,045 [Worker-8] INFO  o.e.m.c.i.e.AbstractTransferListenerAdapter - Downloading https://repo.maven.apache.org/maven2/org/springframework/boot/spring-boot-starter-data-jpa/2.1.4.RELEASE/spring-boot-starter-data-jpa-2.1.4.RELEASE.jar
2019-04-22 01:20:04,313 [Worker-8] INFO  o.e.m.c.i.e.AbstractTransferListenerAdapter - Downloaded https://repo.maven.apache.org/maven2/org/springframework/boot/spring-boot-starter-data-jpa/2.1.4.RELEASE/spring-boot-starter-data-jpa-2.1.4.RELEASE.jar
2019-04-22 01:20:04,576 [Worker-8] INFO  o.e.m.c.i.e.AbstractTransferListenerAdapter - Downloading https://repo.maven.apache.org/maven2/org/springframework/boot/spring-boot-starter-aop/2.1.4.RELEASE/spring-boot-starter-aop-2.1.4.RELEASE.jar
2019-04-22 01:20:04,844 [Worker-8] INFO  o.e.m.c.i.e.AbstractTransferListenerAdapter - Downloaded https://repo.maven.apache.org/maven2/org/springframework/boot/spring-boot-starter-aop/2.1.4.RELEASE/spring-boot-starter-aop-2.1.4.RELEASE.jar
2019-04-22 01:20:05,105 [Worker-8] INFO  o.e.m.c.i.e.AbstractTransferListenerAdapter - Downloading https://repo.maven.apache.org/maven2/org/springframework/spring-aop/5.1.6.RELEASE/spring-aop-5.1.6.RELEASE.jar
2019-04-22 01:20:06,956 [Worker-8] INFO  o.e.m.c.i.e.AbstractTransferListenerAdapter - Downloaded https://repo.maven.apache.org/maven2/org/springframework/spring-aop/5.1.6.RELEASE/spring-aop-5.1.6.RELEASE.jar
2019-04-22 01:20:07,228 [Worker-8] INFO  o.e.m.c.i.e.AbstractTransferListenerAdapter - Downloading https://repo.maven.apache.org/maven2/org/aspectj/aspectjweaver/1.9.2/aspectjweaver-1.9.2.jar
2019-04-22 01:20:10,459 [Worker-8] INFO  o.e.m.c.i.e.AbstractTransferListenerAdapter - Downloaded https://repo.maven.apache.org/maven2/org/aspectj/aspectjweaver/1.9.2/aspectjweaver-1.9.2.jar
2019-04-22 01:20:10,725 [Worker-8] INFO  o.e.m.c.i.e.AbstractTransferListenerAdapter - Downloading https://repo.maven.apache.org/maven2/org/springframework/boot/spring-boot-starter-jdbc/2.1.4.RELEASE/spring-boot-starter-jdbc-2.1.4.RELEASE.jar
2019-04-22 01:20:10,995 [Worker-8] INFO  o.e.m.c.i.e.AbstractTransferListenerAdapter - Downloaded https://repo.maven.apache.org/maven2/org/springframework/boot/spring-boot-starter-jdbc/2.1.4.RELEASE/spring-boot-starter-jdbc-2.1.4.RELEASE.jar
2019-04-22 01:20:11,264 [Worker-8] INFO  o.e.m.c.i.e.AbstractTransferListenerAdapter - Downloading https://repo.maven.apache.org/maven2/com/zaxxer/HikariCP/3.2.0/HikariCP-3.2.0.jar
2019-04-22 01:20:11,569 [Worker-8] INFO  o.e.m.c.i.e.AbstractTransferListenerAdapter - Downloaded https://repo.maven.apache.org/maven2/com/zaxxer/HikariCP/3.2.0/HikariCP-3.2.0.jar
2019-04-22 01:20:11,840 [Worker-8] INFO  o.e.m.c.i.e.AbstractTransferListenerAdapter - Downloading https://repo.maven.apache.org/maven2/org/springframework/spring-jdbc/5.1.6.RELEASE/spring-jdbc-5.1.6.RELEASE.jar
2019-04-22 01:20:12,651 [Worker-8] INFO  o.e.m.c.i.e.AbstractTransferListenerAdapter - Downloaded https://repo.maven.apache.org/maven2/org/springframework/spring-jdbc/5.1.6.RELEASE/spring-jdbc-5.1.6.RELEASE.jar
2019-04-22 01:20:12,914 [Worker-8] INFO  o.e.m.c.i.e.AbstractTransferListenerAdapter - Downloading https://repo.maven.apache.org/maven2/javax/transaction/javax.transaction-api/1.3/javax.transaction-api-1.3.jar
2019-04-22 01:20:13,191 [Worker-8] INFO  o.e.m.c.i.e.AbstractTransferListenerAdapter - Downloaded https://repo.maven.apache.org/maven2/javax/transaction/javax.transaction-api/1.3/javax.transaction-api-1.3.jar
2019-04-22 01:20:13,456 [Worker-8] INFO  o.e.m.c.i.e.AbstractTransferListenerAdapter - Downloading https://repo.maven.apache.org/maven2/javax/xml/bind/jaxb-api/2.3.1/jaxb-api-2.3.1.jar
2019-04-22 01:20:13,748 [Worker-8] INFO  o.e.m.c.i.e.AbstractTransferListenerAdapter - Downloaded https://repo.maven.apache.org/maven2/javax/xml/bind/jaxb-api/2.3.1/jaxb-api-2.3.1.jar
2019-04-22 01:20:14,017 [Worker-8] INFO  o.e.m.c.i.e.AbstractTransferListenerAdapter - Downloading https://repo.maven.apache.org/maven2/javax/activation/javax.activation-api/1.2.0/javax.activation-api-1.2.0.jar
2019-04-22 01:20:14,290 [Worker-8] INFO  o.e.m.c.i.e.AbstractTransferListenerAdapter - Downloaded https://repo.maven.apache.org/maven2/javax/activation/javax.activation-api/1.2.0/javax.activation-api-1.2.0.jar
2019-04-22 01:20:14,558 [Worker-8] INFO  o.e.m.c.i.e.AbstractTransferListenerAdapter - Downloading https://repo.maven.apache.org/maven2/org/hibernate/hibernate-core/5.3.9.Final/hibernate-core-5.3.9.Final.jar
2019-04-22 01:20:23,102 [Worker-8] INFO  o.e.m.c.i.e.AbstractTransferListenerAdapter - Downloaded https://repo.maven.apache.org/maven2/org/hibernate/hibernate-core/5.3.9.Final/hibernate-core-5.3.9.Final.jar
2019-04-22 01:20:23,364 [Worker-8] INFO  o.e.m.c.i.e.AbstractTransferListenerAdapter - Downloading https://repo.maven.apache.org/maven2/javax/persistence/javax.persistence-api/2.2/javax.persistence-api-2.2.jar
2019-04-22 01:20:23,901 [Worker-8] INFO  o.e.m.c.i.e.AbstractTransferListenerAdapter - Downloaded https://repo.maven.apache.org/maven2/javax/persistence/javax.persistence-api/2.2/javax.persistence-api-2.2.jar
2019-04-22 01:20:24,213 [Worker-8] INFO  o.e.m.c.i.e.AbstractTransferListenerAdapter - Downloading https://repo.maven.apache.org/maven2/org/javassist/javassist/3.23.1-GA/javassist-3.23.1-GA.jar
2019-04-22 01:20:25,632 [Worker-8] INFO  o.e.m.c.i.e.AbstractTransferListenerAdapter - Downloaded https://repo.maven.apache.org/maven2/org/javassist/javassist/3.23.1-GA/javassist-3.23.1-GA.jar
2019-04-22 01:20:25,904 [Worker-8] INFO  o.e.m.c.i.e.AbstractTransferListenerAdapter - Downloading https://repo.maven.apache.org/maven2/net/bytebuddy/byte-buddy/1.9.12/byte-buddy-1.9.12.jar
2019-04-22 01:20:31,268 [Worker-8] INFO  o.e.m.c.i.e.AbstractTransferListenerAdapter - Downloaded https://repo.maven.apache.org/maven2/net/bytebuddy/byte-buddy/1.9.12/byte-buddy-1.9.12.jar
2019-04-22 01:20:31,532 [Worker-8] INFO  o.e.m.c.i.e.AbstractTransferListenerAdapter - Downloading https://repo.maven.apache.org/maven2/org/jboss/jandex/2.0.5.Final/jandex-2.0.5.Final.jar
2019-04-22 01:20:32,083 [Worker-8] INFO  o.e.m.c.i.e.AbstractTransferListenerAdapter - Downloaded https://repo.maven.apache.org/maven2/org/jboss/jandex/2.0.5.Final/jandex-2.0.5.Final.jar
2019-04-22 01:20:32,345 [Worker-8] INFO  o.e.m.c.i.e.AbstractTransferListenerAdapter - Downloading https://repo.maven.apache.org/maven2/org/dom4j/dom4j/2.1.1/dom4j-2.1.1.jar
2019-04-22 01:20:32,915 [Worker-8] INFO  o.e.m.c.i.e.AbstractTransferListenerAdapter - Downloaded https://repo.maven.apache.org/maven2/org/dom4j/dom4j/2.1.1/dom4j-2.1.1.jar
2019-04-22 01:20:33,179 [Worker-8] INFO  o.e.m.c.i.e.AbstractTransferListenerAdapter - Downloading https://repo.maven.apache.org/maven2/org/hibernate/common/hibernate-commons-annotations/5.0.4.Final/hibernate-commons-annotations-5.0.4.Final.jar
2019-04-22 01:20:33,467 [Worker-8] INFO  o.e.m.c.i.e.AbstractTransferListenerAdapter - Downloaded https://repo.maven.apache.org/maven2/org/hibernate/common/hibernate-commons-annotations/5.0.4.Final/hibernate-commons-annotations-5.0.4.Final.jar
2019-04-22 01:20:33,742 [Worker-8] INFO  o.e.m.c.i.e.AbstractTransferListenerAdapter - Downloading https://repo.maven.apache.org/maven2/org/springframework/data/spring-data-jpa/2.1.6.RELEASE/spring-data-jpa-2.1.6.RELEASE.jar
2019-04-22 01:20:34,567 [Worker-8] INFO  o.e.m.c.i.e.AbstractTransferListenerAdapter - Downloaded https://repo.maven.apache.org/maven2/org/springframework/data/spring-data-jpa/2.1.6.RELEASE/spring-data-jpa-2.1.6.RELEASE.jar
2019-04-22 01:20:34,835 [Worker-8] INFO  o.e.m.c.i.e.AbstractTransferListenerAdapter - Downloading https://repo.maven.apache.org/maven2/org/springframework/data/spring-data-commons/2.1.6.RELEASE/spring-data-commons-2.1.6.RELEASE.jar
2019-04-22 01:20:37,216 [Worker-8] INFO  o.e.m.c.i.e.AbstractTransferListenerAdapter - Downloaded https://repo.maven.apache.org/maven2/org/springframework/data/spring-data-commons/2.1.6.RELEASE/spring-data-commons-2.1.6.RELEASE.jar
2019-04-22 01:20:37,480 [Worker-8] INFO  o.e.m.c.i.e.AbstractTransferListenerAdapter - Downloading https://repo.maven.apache.org/maven2/org/springframework/spring-orm/5.1.6.RELEASE/spring-orm-5.1.6.RELEASE.jar
2019-04-22 01:20:38,026 [Worker-8] INFO  o.e.m.c.i.e.AbstractTransferListenerAdapter - Downloaded https://repo.maven.apache.org/maven2/org/springframework/spring-orm/5.1.6.RELEASE/spring-orm-5.1.6.RELEASE.jar
2019-04-22 01:20:38,290 [Worker-8] INFO  o.e.m.c.i.e.AbstractTransferListenerAdapter - Downloading https://repo.maven.apache.org/maven2/org/springframework/spring-context/5.1.6.RELEASE/spring-context-5.1.6.RELEASE.jar
2019-04-22 01:20:40,434 [Worker-8] INFO  o.e.m.c.i.e.AbstractTransferListenerAdapter - Downloaded https://repo.maven.apache.org/maven2/org/springframework/spring-context/5.1.6.RELEASE/spring-context-5.1.6.RELEASE.jar
2019-04-22 01:20:40,697 [Worker-8] INFO  o.e.m.c.i.e.AbstractTransferListenerAdapter - Downloading https://repo.maven.apache.org/maven2/org/springframework/spring-tx/5.1.6.RELEASE/spring-tx-5.1.6.RELEASE.jar
2019-04-22 01:20:41,257 [Worker-8] INFO  o.e.m.c.i.e.AbstractTransferListenerAdapter - Downloaded https://repo.maven.apache.org/maven2/org/springframework/spring-tx/5.1.6.RELEASE/spring-tx-5.1.6.RELEASE.jar
2019-04-22 01:20:41,529 [Worker-8] INFO  o.e.m.c.i.e.AbstractTransferListenerAdapter - Downloading https://repo.maven.apache.org/maven2/org/springframework/spring-beans/5.1.6.RELEASE/spring-beans-5.1.6.RELEASE.jar
2019-04-22 01:20:42,883 [Worker-8] INFO  o.e.m.c.i.e.AbstractTransferListenerAdapter - Downloaded https://repo.maven.apache.org/maven2/org/springframework/spring-beans/5.1.6.RELEASE/spring-beans-5.1.6.RELEASE.jar
2019-04-22 01:20:43,149 [Worker-8] INFO  o.e.m.c.i.e.AbstractTransferListenerAdapter - Downloading https://repo.maven.apache.org/maven2/org/slf4j/slf4j-api/1.7.26/slf4j-api-1.7.26.jar
2019-04-22 01:20:43,424 [Worker-8] INFO  o.e.m.c.i.e.AbstractTransferListenerAdapter - Downloaded https://repo.maven.apache.org/maven2/org/slf4j/slf4j-api/1.7.26/slf4j-api-1.7.26.jar
2019-04-22 01:20:43,687 [Worker-8] INFO  o.e.m.c.i.e.AbstractTransferListenerAdapter - Downloading https://repo.maven.apache.org/maven2/org/springframework/spring-aspects/5.1.6.RELEASE/spring-aspects-5.1.6.RELEASE.jar
2019-04-22 01:20:43,972 [Worker-8] INFO  o.e.m.c.i.e.AbstractTransferListenerAdapter - Downloaded https://repo.maven.apache.org/maven2/org/springframework/spring-aspects/5.1.6.RELEASE/spring-aspects-5.1.6.RELEASE.jar
2019-04-22 01:20:44,237 [Worker-8] INFO  o.e.m.c.i.e.AbstractTransferListenerAdapter - Downloading https://repo.maven.apache.org/maven2/org/springframework/boot/spring-boot-starter-web/2.1.4.RELEASE/spring-boot-starter-web-2.1.4.RELEASE.jar
2019-04-22 01:20:44,512 [Worker-8] INFO  o.e.m.c.i.e.AbstractTransferListenerAdapter - Downloaded https://repo.maven.apache.org/maven2/org/springframework/boot/spring-boot-starter-web/2.1.4.RELEASE/spring-boot-starter-web-2.1.4.RELEASE.jar
2019-04-22 01:20:44,776 [Worker-8] INFO  o.e.m.c.i.e.AbstractTransferListenerAdapter - Downloading https://repo.maven.apache.org/maven2/org/springframework/boot/spring-boot-starter/2.1.4.RELEASE/spring-boot-starter-2.1.4.RELEASE.jar
2019-04-22 01:20:45,043 [Worker-8] INFO  o.e.m.c.i.e.AbstractTransferListenerAdapter - Downloaded https://repo.maven.apache.org/maven2/org/springframework/boot/spring-boot-starter/2.1.4.RELEASE/spring-boot-starter-2.1.4.RELEASE.jar
2019-04-22 01:20:45,368 [Worker-8] INFO  o.e.m.c.i.e.AbstractTransferListenerAdapter - Downloading https://repo.maven.apache.org/maven2/org/springframework/boot/spring-boot-starter-logging/2.1.4.RELEASE/spring-boot-starter-logging-2.1.4.RELEASE.jar
2019-04-22 01:20:45,633 [Worker-8] INFO  o.e.m.c.i.e.AbstractTransferListenerAdapter - Downloaded https://repo.maven.apache.org/maven2/org/springframework/boot/spring-boot-starter-logging/2.1.4.RELEASE/spring-boot-starter-logging-2.1.4.RELEASE.jar
2019-04-22 01:20:45,896 [Worker-8] INFO  o.e.m.c.i.e.AbstractTransferListenerAdapter - Downloading https://repo.maven.apache.org/maven2/org/apache/logging/log4j/log4j-to-slf4j/2.11.2/log4j-to-slf4j-2.11.2.jar
2019-04-22 01:20:46,165 [Worker-8] INFO  o.e.m.c.i.e.AbstractTransferListenerAdapter - Downloaded https://repo.maven.apache.org/maven2/org/apache/logging/log4j/log4j-to-slf4j/2.11.2/log4j-to-slf4j-2.11.2.jar
2019-04-22 01:20:46,479 [Worker-8] INFO  o.e.m.c.i.e.AbstractTransferListenerAdapter - Downloading https://repo.maven.apache.org/maven2/org/apache/logging/log4j/log4j-api/2.11.2/log4j-api-2.11.2.jar
2019-04-22 01:20:46,989 [Worker-8] INFO  o.e.m.c.i.e.AbstractTransferListenerAdapter - Downloaded https://repo.maven.apache.org/maven2/org/apache/logging/log4j/log4j-api/2.11.2/log4j-api-2.11.2.jar
2019-04-22 01:20:47,252 [Worker-8] INFO  o.e.m.c.i.e.AbstractTransferListenerAdapter - Downloading https://repo.maven.apache.org/maven2/org/slf4j/jul-to-slf4j/1.7.26/jul-to-slf4j-1.7.26.jar
2019-04-22 01:20:47,518 [Worker-8] INFO  o.e.m.c.i.e.AbstractTransferListenerAdapter - Downloaded https://repo.maven.apache.org/maven2/org/slf4j/jul-to-slf4j/1.7.26/jul-to-slf4j-1.7.26.jar
2019-04-22 01:20:47,780 [Worker-8] INFO  o.e.m.c.i.e.AbstractTransferListenerAdapter - Downloading https://repo.maven.apache.org/maven2/org/springframework/boot/spring-boot-starter-json/2.1.4.RELEASE/spring-boot-starter-json-2.1.4.RELEASE.jar
2019-04-22 01:20:48,048 [Worker-8] INFO  o.e.m.c.i.e.AbstractTransferListenerAdapter - Downloaded https://repo.maven.apache.org/maven2/org/springframework/boot/spring-boot-starter-json/2.1.4.RELEASE/spring-boot-starter-json-2.1.4.RELEASE.jar
2019-04-22 01:20:48,323 [Worker-8] INFO  o.e.m.c.i.e.AbstractTransferListenerAdapter - Downloading https://repo.maven.apache.org/maven2/com/fasterxml/jackson/core/jackson-databind/2.9.8/jackson-databind-2.9.8.jar
2019-04-22 01:20:50,487 [Worker-8] INFO  o.e.m.c.i.e.AbstractTransferListenerAdapter - Downloaded https://repo.maven.apache.org/maven2/com/fasterxml/jackson/core/jackson-databind/2.9.8/jackson-databind-2.9.8.jar
2019-04-22 01:20:50,749 [Worker-8] INFO  o.e.m.c.i.e.AbstractTransferListenerAdapter - Downloading https://repo.maven.apache.org/maven2/com/fasterxml/jackson/core/jackson-core/2.9.8/jackson-core-2.9.8.jar
2019-04-22 01:20:51,584 [Worker-8] INFO  o.e.m.c.i.e.AbstractTransferListenerAdapter - Downloaded https://repo.maven.apache.org/maven2/com/fasterxml/jackson/core/jackson-core/2.9.8/jackson-core-2.9.8.jar
2019-04-22 01:20:51,845 [Worker-8] INFO  o.e.m.c.i.e.AbstractTransferListenerAdapter - Downloading https://repo.maven.apache.org/maven2/com/fasterxml/jackson/datatype/jackson-datatype-jdk8/2.9.8/jackson-datatype-jdk8-2.9.8.jar
2019-04-22 01:20:52,120 [Worker-8] INFO  o.e.m.c.i.e.AbstractTransferListenerAdapter - Downloaded https://repo.maven.apache.org/maven2/com/fasterxml/jackson/datatype/jackson-datatype-jdk8/2.9.8/jackson-datatype-jdk8-2.9.8.jar
2019-04-22 01:20:52,387 [Worker-8] INFO  o.e.m.c.i.e.AbstractTransferListenerAdapter - Downloading https://repo.maven.apache.org/maven2/com/fasterxml/jackson/datatype/jackson-datatype-jsr310/2.9.8/jackson-datatype-jsr310-2.9.8.jar
2019-04-22 01:20:52,675 [Worker-8] INFO  o.e.m.c.i.e.AbstractTransferListenerAdapter - Downloaded https://repo.maven.apache.org/maven2/com/fasterxml/jackson/datatype/jackson-datatype-jsr310/2.9.8/jackson-datatype-jsr310-2.9.8.jar
2019-04-22 01:20:52,942 [Worker-8] INFO  o.e.m.c.i.e.AbstractTransferListenerAdapter - Downloading https://repo.maven.apache.org/maven2/com/fasterxml/jackson/module/jackson-module-parameter-names/2.9.8/jackson-module-parameter-names-2.9.8.jar
2019-04-22 01:20:53,229 [Worker-8] INFO  o.e.m.c.i.e.AbstractTransferListenerAdapter - Downloaded https://repo.maven.apache.org/maven2/com/fasterxml/jackson/module/jackson-module-parameter-names/2.9.8/jackson-module-parameter-names-2.9.8.jar
2019-04-22 01:20:53,491 [Worker-8] INFO  o.e.m.c.i.e.AbstractTransferListenerAdapter - Downloading https://repo.maven.apache.org/maven2/org/springframework/boot/spring-boot-starter-tomcat/2.1.4.RELEASE/spring-boot-starter-tomcat-2.1.4.RELEASE.jar
2019-04-22 01:20:53,763 [Worker-8] INFO  o.e.m.c.i.e.AbstractTransferListenerAdapter - Downloaded https://repo.maven.apache.org/maven2/org/springframework/boot/spring-boot-starter-tomcat/2.1.4.RELEASE/spring-boot-starter-tomcat-2.1.4.RELEASE.jar
2019-04-22 01:20:54,027 [Worker-8] INFO  o.e.m.c.i.e.AbstractTransferListenerAdapter - Downloading https://repo.maven.apache.org/maven2/org/apache/tomcat/embed/tomcat-embed-core/9.0.17/tomcat-embed-core-9.0.17.jar
2019-04-22 01:20:58,640 [Worker-8] INFO  o.e.m.c.i.e.AbstractTransferListenerAdapter - Downloaded https://repo.maven.apache.org/maven2/org/apache/tomcat/embed/tomcat-embed-core/9.0.17/tomcat-embed-core-9.0.17.jar
2019-04-22 01:20:58,911 [Worker-8] INFO  o.e.m.c.i.e.AbstractTransferListenerAdapter - Downloading https://repo.maven.apache.org/maven2/org/apache/tomcat/embed/tomcat-embed-el/9.0.17/tomcat-embed-el-9.0.17.jar
2019-04-22 01:20:59,718 [Worker-8] INFO  o.e.m.c.i.e.AbstractTransferListenerAdapter - Downloaded https://repo.maven.apache.org/maven2/org/apache/tomcat/embed/tomcat-embed-el/9.0.17/tomcat-embed-el-9.0.17.jar
2019-04-22 01:21:00,012 [Worker-8] INFO  o.e.m.c.i.e.AbstractTransferListenerAdapter - Downloading https://repo.maven.apache.org/maven2/org/apache/tomcat/embed/tomcat-embed-websocket/9.0.17/tomcat-embed-websocket-9.0.17.jar
2019-04-22 01:21:00,571 [Worker-8] INFO  o.e.m.c.i.e.AbstractTransferListenerAdapter - Downloaded https://repo.maven.apache.org/maven2/org/apache/tomcat/embed/tomcat-embed-websocket/9.0.17/tomcat-embed-websocket-9.0.17.jar
2019-04-22 01:21:00,845 [Worker-8] INFO  o.e.m.c.i.e.AbstractTransferListenerAdapter - Downloading https://repo.maven.apache.org/maven2/org/hibernate/validator/hibernate-validator/6.0.16.Final/hibernate-validator-6.0.16.Final.jar
2019-04-22 01:21:02,733 [Worker-8] INFO  o.e.m.c.i.e.AbstractTransferListenerAdapter - Downloaded https://repo.maven.apache.org/maven2/org/hibernate/validator/hibernate-validator/6.0.16.Final/hibernate-validator-6.0.16.Final.jar
2019-04-22 01:21:02,994 [Worker-8] INFO  o.e.m.c.i.e.AbstractTransferListenerAdapter - Downloading https://repo.maven.apache.org/maven2/org/springframework/spring-web/5.1.6.RELEASE/spring-web-5.1.6.RELEASE.jar
2019-04-22 01:21:05,193 [Worker-8] INFO  o.e.m.c.i.e.AbstractTransferListenerAdapter - Downloaded https://repo.maven.apache.org/maven2/org/springframework/spring-web/5.1.6.RELEASE/spring-web-5.1.6.RELEASE.jar
2019-04-22 01:21:05,457 [Worker-8] INFO  o.e.m.c.i.e.AbstractTransferListenerAdapter - Downloading https://repo.maven.apache.org/maven2/org/springframework/spring-webmvc/5.1.6.RELEASE/spring-webmvc-5.1.6.RELEASE.jar
2019-04-22 01:21:06,840 [Worker-8] INFO  o.e.m.c.i.e.AbstractTransferListenerAdapter - Downloaded https://repo.maven.apache.org/maven2/org/springframework/spring-webmvc/5.1.6.RELEASE/spring-webmvc-5.1.6.RELEASE.jar
2019-04-22 01:21:07,109 [Worker-8] INFO  o.e.m.c.i.e.AbstractTransferListenerAdapter - Downloading https://repo.maven.apache.org/maven2/org/springframework/spring-expression/5.1.6.RELEASE/spring-expression-5.1.6.RELEASE.jar
2019-04-22 01:21:08,482 [Worker-8] INFO  o.e.m.c.i.e.AbstractTransferListenerAdapter - Downloaded https://repo.maven.apache.org/maven2/org/springframework/spring-expression/5.1.6.RELEASE/spring-expression-5.1.6.RELEASE.jar
2019-04-22 01:21:08,749 [Worker-8] INFO  o.e.m.c.i.e.AbstractTransferListenerAdapter - Downloading https://repo.maven.apache.org/maven2/org/springframework/boot/spring-boot-devtools/2.1.4.RELEASE/spring-boot-devtools-2.1.4.RELEASE.jar
2019-04-22 01:21:09,305 [Worker-8] INFO  o.e.m.c.i.e.AbstractTransferListenerAdapter - Downloaded https://repo.maven.apache.org/maven2/org/springframework/boot/spring-boot-devtools/2.1.4.RELEASE/spring-boot-devtools-2.1.4.RELEASE.jar
2019-04-22 01:21:09,576 [Worker-8] INFO  o.e.m.c.i.e.AbstractTransferListenerAdapter - Downloading https://repo.maven.apache.org/maven2/org/springframework/boot/spring-boot/2.1.4.RELEASE/spring-boot-2.1.4.RELEASE.jar
2019-04-22 01:21:11,206 [Worker-8] INFO  o.e.m.c.i.e.AbstractTransferListenerAdapter - Downloaded https://repo.maven.apache.org/maven2/org/springframework/boot/spring-boot/2.1.4.RELEASE/spring-boot-2.1.4.RELEASE.jar
2019-04-22 01:21:11,467 [Worker-8] INFO  o.e.m.c.i.e.AbstractTransferListenerAdapter - Downloading https://repo.maven.apache.org/maven2/org/springframework/boot/spring-boot-autoconfigure/2.1.4.RELEASE/spring-boot-autoconfigure-2.1.4.RELEASE.jar
2019-04-22 01:21:14,558 [Worker-8] INFO  o.e.m.c.i.e.AbstractTransferListenerAdapter - Downloaded https://repo.maven.apache.org/maven2/org/springframework/boot/spring-boot-autoconfigure/2.1.4.RELEASE/spring-boot-autoconfigure-2.1.4.RELEASE.jar
2019-04-22 01:21:14,824 [Worker-8] INFO  o.e.m.c.i.e.AbstractTransferListenerAdapter - Downloading https://repo.maven.apache.org/maven2/com/h2database/h2/1.4.199/h2-1.4.199.jar
2019-04-22 01:21:19,619 [Worker-8] INFO  o.e.m.c.i.e.AbstractTransferListenerAdapter - Downloaded https://repo.maven.apache.org/maven2/com/h2database/h2/1.4.199/h2-1.4.199.jar
2019-04-22 01:21:19,887 [Worker-8] INFO  o.e.m.c.i.e.AbstractTransferListenerAdapter - Downloading https://repo.maven.apache.org/maven2/mysql/mysql-connector-java/8.0.15/mysql-connector-java-8.0.15.jar
2019-04-22 01:21:25,459 [Worker-8] INFO  o.e.m.c.i.e.AbstractTransferListenerAdapter - Downloaded https://repo.maven.apache.org/maven2/mysql/mysql-connector-java/8.0.15/mysql-connector-java-8.0.15.jar
2019-04-22 01:21:25,732 [Worker-8] INFO  o.e.m.c.i.e.AbstractTransferListenerAdapter - Downloading https://repo.maven.apache.org/maven2/org/springframework/boot/spring-boot-starter-test/2.1.4.RELEASE/spring-boot-starter-test-2.1.4.RELEASE.jar
2019-04-22 01:21:26,068 [Worker-8] INFO  o.e.m.c.i.e.AbstractTransferListenerAdapter - Downloaded https://repo.maven.apache.org/maven2/org/springframework/boot/spring-boot-starter-test/2.1.4.RELEASE/spring-boot-starter-test-2.1.4.RELEASE.jar
2019-04-22 01:21:26,343 [Worker-8] INFO  o.e.m.c.i.e.AbstractTransferListenerAdapter - Downloading https://repo.maven.apache.org/maven2/org/springframework/boot/spring-boot-test/2.1.4.RELEASE/spring-boot-test-2.1.4.RELEASE.jar
2019-04-22 01:21:26,902 [Worker-8] INFO  o.e.m.c.i.e.AbstractTransferListenerAdapter - Downloaded https://repo.maven.apache.org/maven2/org/springframework/boot/spring-boot-test/2.1.4.RELEASE/spring-boot-test-2.1.4.RELEASE.jar
2019-04-22 01:21:27,181 [Worker-8] INFO  o.e.m.c.i.e.AbstractTransferListenerAdapter - Downloading https://repo.maven.apache.org/maven2/org/springframework/boot/spring-boot-test-autoconfigure/2.1.4.RELEASE/spring-boot-test-autoconfigure-2.1.4.RELEASE.jar
2019-04-22 01:21:27,505 [Worker-8] INFO  o.e.m.c.i.e.AbstractTransferListenerAdapter - Downloaded https://repo.maven.apache.org/maven2/org/springframework/boot/spring-boot-test-autoconfigure/2.1.4.RELEASE/spring-boot-test-autoconfigure-2.1.4.RELEASE.jar
2019-04-22 01:21:27,784 [Worker-8] INFO  o.e.m.c.i.e.AbstractTransferListenerAdapter - Downloading https://repo.maven.apache.org/maven2/org/mockito/mockito-core/2.23.4/mockito-core-2.23.4.jar
2019-04-22 01:21:28,642 [Worker-8] INFO  o.e.m.c.i.e.AbstractTransferListenerAdapter - Downloaded https://repo.maven.apache.org/maven2/org/mockito/mockito-core/2.23.4/mockito-core-2.23.4.jar
2019-04-22 01:21:28,912 [Worker-8] INFO  o.e.m.c.i.e.AbstractTransferListenerAdapter - Downloading https://repo.maven.apache.org/maven2/net/bytebuddy/byte-buddy-agent/1.9.12/byte-buddy-agent-1.9.12.jar
2019-04-22 01:21:29,197 [Worker-8] INFO  o.e.m.c.i.e.AbstractTransferListenerAdapter - Downloaded https://repo.maven.apache.org/maven2/net/bytebuddy/byte-buddy-agent/1.9.12/byte-buddy-agent-1.9.12.jar
2019-04-22 01:21:29,467 [Worker-8] INFO  o.e.m.c.i.e.AbstractTransferListenerAdapter - Downloading https://repo.maven.apache.org/maven2/org/springframework/spring-core/5.1.6.RELEASE/spring-core-5.1.6.RELEASE.jar
2019-04-22 01:21:31,671 [Worker-8] INFO  o.e.m.c.i.e.AbstractTransferListenerAdapter - Downloaded https://repo.maven.apache.org/maven2/org/springframework/spring-core/5.1.6.RELEASE/spring-core-5.1.6.RELEASE.jar
2019-04-22 01:21:31,942 [Worker-8] INFO  o.e.m.c.i.e.AbstractTransferListenerAdapter - Downloading https://repo.maven.apache.org/maven2/org/springframework/spring-jcl/5.1.6.RELEASE/spring-jcl-5.1.6.RELEASE.jar
2019-04-22 01:21:32,226 [Worker-8] INFO  o.e.m.c.i.e.AbstractTransferListenerAdapter - Downloaded https://repo.maven.apache.org/maven2/org/springframework/spring-jcl/5.1.6.RELEASE/spring-jcl-5.1.6.RELEASE.jar
2019-04-22 01:21:32,504 [Worker-8] INFO  o.e.m.c.i.e.AbstractTransferListenerAdapter - Downloading https://repo.maven.apache.org/maven2/org/springframework/spring-test/5.1.6.RELEASE/spring-test-5.1.6.RELEASE.jar
2019-04-22 01:21:33,622 [Worker-8] INFO  o.e.m.c.i.e.AbstractTransferListenerAdapter - Downloaded https://repo.maven.apache.org/maven2/org/springframework/spring-test/5.1.6.RELEASE/spring-test-5.1.6.RELEASE.jar
2019-04-22 01:21:43,045 [Worker-8] INFO  o.e.m.c.i.e.AbstractTransferListenerAdapter - Downloading https://repo.maven.apache.org/maven2/org/apache/maven/plugins/maven-jar-plugin/3.1.1/maven-jar-plugin-3.1.1.pom
2019-04-22 01:21:43,322 [Worker-8] INFO  o.e.m.c.i.e.AbstractTransferListenerAdapter - Downloaded https://repo.maven.apache.org/maven2/org/apache/maven/plugins/maven-jar-plugin/3.1.1/maven-jar-plugin-3.1.1.pom
2019-04-22 01:21:43,608 [Worker-8] INFO  o.e.m.c.i.e.AbstractTransferListenerAdapter - Downloading https://repo.maven.apache.org/maven2/org/apache/maven/plugins/maven-plugins/33/maven-plugins-33.pom
2019-04-22 01:21:44,249 [Worker-8] INFO  o.e.m.c.i.e.AbstractTransferListenerAdapter - Downloaded https://repo.maven.apache.org/maven2/org/apache/maven/plugins/maven-plugins/33/maven-plugins-33.pom
2019-04-22 01:21:44,768 [Worker-8] INFO  o.e.m.c.i.e.AbstractTransferListenerAdapter - Downloading https://repo.maven.apache.org/maven2/org/apache/maven/maven-archiver/3.3.0/maven-archiver-3.3.0.pom
2019-04-22 01:21:45,048 [Worker-8] INFO  o.e.m.c.i.e.AbstractTransferListenerAdapter - Downloaded https://repo.maven.apache.org/maven2/org/apache/maven/maven-archiver/3.3.0/maven-archiver-3.3.0.pom
2019-04-22 01:21:45,333 [Worker-8] INFO  o.e.m.c.i.e.AbstractTransferListenerAdapter - Downloading https://repo.maven.apache.org/maven2/org/apache/maven/shared/maven-shared-components/33/maven-shared-components-33.pom
2019-04-22 01:21:45,609 [Worker-8] INFO  o.e.m.c.i.e.AbstractTransferListenerAdapter - Downloaded https://repo.maven.apache.org/maven2/org/apache/maven/shared/maven-shared-components/33/maven-shared-components-33.pom
2019-04-22 01:21:46,050 [Worker-8] INFO  o.e.m.c.i.e.AbstractTransferListenerAdapter - Downloading https://repo.maven.apache.org/maven2/org/codehaus/plexus/plexus-archiver/3.6.0/plexus-archiver-3.6.0.pom
2019-04-22 01:21:46,323 [Worker-8] INFO  o.e.m.c.i.e.AbstractTransferListenerAdapter - Downloaded https://repo.maven.apache.org/maven2/org/codehaus/plexus/plexus-archiver/3.6.0/plexus-archiver-3.6.0.pom
2019-04-22 01:21:46,729 [Worker-8] INFO  o.e.m.c.i.e.AbstractTransferListenerAdapter - Downloading https://repo.maven.apache.org/maven2/org/codehaus/plexus/plexus-io/3.0.1/plexus-io-3.0.1.pom
2019-04-22 01:21:47,003 [Worker-8] INFO  o.e.m.c.i.e.AbstractTransferListenerAdapter - Downloaded https://repo.maven.apache.org/maven2/org/codehaus/plexus/plexus-io/3.0.1/plexus-io-3.0.1.pom
2019-04-22 01:21:47,298 [Worker-8] INFO  o.e.m.c.i.e.AbstractTransferListenerAdapter - Downloading https://repo.maven.apache.org/maven2/commons-io/commons-io/2.6/commons-io-2.6.pom
2019-04-22 01:21:47,856 [Worker-8] INFO  o.e.m.c.i.e.AbstractTransferListenerAdapter - Downloaded https://repo.maven.apache.org/maven2/commons-io/commons-io/2.6/commons-io-2.6.pom
2019-04-22 01:21:48,190 [Worker-8] INFO  o.e.m.c.i.e.AbstractTransferListenerAdapter - Downloading https://repo.maven.apache.org/maven2/org/apache/commons/commons-compress/1.16.1/commons-compress-1.16.1.pom
2019-04-22 01:21:48,746 [Worker-8] INFO  o.e.m.c.i.e.AbstractTransferListenerAdapter - Downloaded https://repo.maven.apache.org/maven2/org/apache/commons/commons-compress/1.16.1/commons-compress-1.16.1.pom
2019-04-22 01:21:49,052 [Worker-8] INFO  o.e.m.c.i.e.AbstractTransferListenerAdapter - Downloading https://repo.maven.apache.org/maven2/org/apache/commons/commons-parent/43/commons-parent-43.pom
2019-04-22 01:21:50,696 [Worker-8] INFO  o.e.m.c.i.e.AbstractTransferListenerAdapter - Downloaded https://repo.maven.apache.org/maven2/org/apache/commons/commons-parent/43/commons-parent-43.pom
2019-04-22 01:21:51,038 [Worker-8] INFO  o.e.m.c.i.e.AbstractTransferListenerAdapter - Downloading https://repo.maven.apache.org/maven2/org/tukaani/xz/1.8/xz-1.8.pom
2019-04-22 01:21:51,316 [Worker-8] INFO  o.e.m.c.i.e.AbstractTransferListenerAdapter - Downloaded https://repo.maven.apache.org/maven2/org/tukaani/xz/1.8/xz-1.8.pom
2019-04-22 01:21:51,666 [Worker-8] INFO  o.e.m.c.i.e.AbstractTransferListenerAdapter - Downloading https://repo.maven.apache.org/maven2/org/codehaus/plexus/plexus-interpolation/1.25/plexus-interpolation-1.25.pom
2019-04-22 01:21:51,957 [Worker-8] INFO  o.e.m.c.i.e.AbstractTransferListenerAdapter - Downloaded https://repo.maven.apache.org/maven2/org/codehaus/plexus/plexus-interpolation/1.25/plexus-interpolation-1.25.pom
2019-04-22 01:21:52,244 [Worker-8] INFO  o.e.m.c.i.e.AbstractTransferListenerAdapter - Downloading https://repo.maven.apache.org/maven2/org/codehaus/plexus/plexus/5.1/plexus-5.1.pom
2019-04-22 01:21:52,787 [Worker-8] INFO  o.e.m.c.i.e.AbstractTransferListenerAdapter - Downloaded https://repo.maven.apache.org/maven2/org/codehaus/plexus/plexus/5.1/plexus-5.1.pom
2019-04-22 01:21:53,074 [Worker-8] INFO  o.e.m.c.i.e.AbstractTransferListenerAdapter - Downloading https://repo.maven.apache.org/maven2/org/codehaus/plexus/plexus-archiver/3.7.0/plexus-archiver-3.7.0.pom
2019-04-22 01:21:53,364 [Worker-8] INFO  o.e.m.c.i.e.AbstractTransferListenerAdapter - Downloaded https://repo.maven.apache.org/maven2/org/codehaus/plexus/plexus-archiver/3.7.0/plexus-archiver-3.7.0.pom
2019-04-22 01:21:53,712 [Worker-8] INFO  o.e.m.c.i.e.AbstractTransferListenerAdapter - Downloading https://repo.maven.apache.org/maven2/org/codehaus/plexus/plexus-io/3.1.0/plexus-io-3.1.0.pom
2019-04-22 01:21:54,124 [Worker-8] INFO  o.e.m.c.i.e.AbstractTransferListenerAdapter - Downloaded https://repo.maven.apache.org/maven2/org/codehaus/plexus/plexus-io/3.1.0/plexus-io-3.1.0.pom
2019-04-22 01:21:54,414 [Worker-8] INFO  o.e.m.c.i.e.AbstractTransferListenerAdapter - Downloading https://repo.maven.apache.org/maven2/org/apache/commons/commons-compress/1.18/commons-compress-1.18.pom
2019-04-22 01:21:55,063 [Worker-8] INFO  o.e.m.c.i.e.AbstractTransferListenerAdapter - Downloaded https://repo.maven.apache.org/maven2/org/apache/commons/commons-compress/1.18/commons-compress-1.18.pom
2019-04-22 01:21:55,341 [Worker-8] INFO  o.e.m.c.i.e.AbstractTransferListenerAdapter - Downloading https://repo.maven.apache.org/maven2/org/apache/commons/commons-parent/47/commons-parent-47.pom
2019-04-22 01:21:56,712 [Worker-8] INFO  o.e.m.c.i.e.AbstractTransferListenerAdapter - Downloaded https://repo.maven.apache.org/maven2/org/apache/commons/commons-parent/47/commons-parent-47.pom
2019-04-22 01:21:57,877 [Worker-8] INFO  o.e.m.c.i.e.AbstractTransferListenerAdapter - Downloading https://repo.maven.apache.org/maven2/org/apache/maven/maven-archiver/3.3.0/maven-archiver-3.3.0.jar
2019-04-22 01:21:58,417 [Worker-8] INFO  o.e.m.c.i.e.AbstractTransferListenerAdapter - Downloaded https://repo.maven.apache.org/maven2/org/apache/maven/maven-archiver/3.3.0/maven-archiver-3.3.0.jar
2019-04-22 01:21:58,683 [Worker-8] INFO  o.e.m.c.i.e.AbstractTransferListenerAdapter - Downloading https://repo.maven.apache.org/maven2/org/codehaus/plexus/plexus-archiver/3.7.0/plexus-archiver-3.7.0.jar
2019-04-22 01:22:00,826 [Worker-8] INFO  o.e.m.c.i.e.AbstractTransferListenerAdapter - Downloaded https://repo.maven.apache.org/maven2/org/codehaus/plexus/plexus-archiver/3.7.0/plexus-archiver-3.7.0.jar
2019-04-22 01:22:01,092 [Worker-8] INFO  o.e.m.c.i.e.AbstractTransferListenerAdapter - Downloading https://repo.maven.apache.org/maven2/org/codehaus/plexus/plexus-io/3.1.0/plexus-io-3.1.0.jar
2019-04-22 01:22:01,651 [Worker-8] INFO  o.e.m.c.i.e.AbstractTransferListenerAdapter - Downloaded https://repo.maven.apache.org/maven2/org/codehaus/plexus/plexus-io/3.1.0/plexus-io-3.1.0.jar
2019-04-22 01:22:01,917 [Worker-8] INFO  o.e.m.c.i.e.AbstractTransferListenerAdapter - Downloading https://repo.maven.apache.org/maven2/org/apache/commons/commons-compress/1.18/commons-compress-1.18.jar
2019-04-22 01:22:04,077 [Worker-8] INFO  o.e.m.c.i.e.AbstractTransferListenerAdapter - Downloaded https://repo.maven.apache.org/maven2/org/apache/commons/commons-compress/1.18/commons-compress-1.18.jar
2019-04-22 01:22:04,344 [Worker-8] INFO  o.e.m.c.i.e.AbstractTransferListenerAdapter - Downloading https://repo.maven.apache.org/maven2/org/tukaani/xz/1.8/xz-1.8.jar
2019-04-22 01:22:04,653 [Worker-8] INFO  o.e.m.c.i.e.AbstractTransferListenerAdapter - Downloaded https://repo.maven.apache.org/maven2/org/tukaani/xz/1.8/xz-1.8.jar
2019-04-22 01:22:12,492 [Worker-24] INFO  o.e.m.c.i.embedder.EclipseLogger - Using 'UTF-8' encoding to copy filtered resources.
2019-04-22 01:22:12,496 [Worker-24] INFO  o.e.m.c.i.embedder.EclipseLogger - Copying 1 resource
2019-04-22 01:22:12,509 [Worker-24] INFO  o.e.m.c.i.embedder.EclipseLogger - Copying 0 resource
2019-04-22 01:22:12,512 [Worker-24] INFO  o.e.m.c.i.embedder.EclipseLogger - Using 'UTF-8' encoding to copy filtered resources.
2019-04-22 01:22:12,514 [Worker-24] INFO  o.e.m.c.i.embedder.EclipseLogger - skip non existing resourceDirectory F:\Full_Stack_PPM_Tool\Spring_Backend\PPMToolBackEnd\src\test\resources
2019-04-22 01:22:12,981 [Worker-8] INFO  o.e.m.j.i.AbstractJavaProjectConfigurator - Adding source folder /PPMToolBackEnd/src/main/java
2019-04-22 01:22:12,982 [Worker-8] INFO  o.e.m.j.i.AbstractJavaProjectConfigurator - Adding resource folder /PPMToolBackEnd/src/main/resources
2019-04-22 01:22:12,993 [Worker-8] INFO  o.e.m.j.i.AbstractJavaProjectConfigurator - Adding resource folder /PPMToolBackEnd/src/main/resources
2019-04-22 01:22:13,006 [Worker-8] INFO  o.e.m.j.i.AbstractJavaProjectConfigurator - Adding source folder /PPMToolBackEnd/src/test/java
2019-04-22 01:22:14,821 [Worker-8] INFO  o.e.m.c.i.p.ProjectConfigurationManager - Imported and configured 1 project(s) in 207 sec
2019-04-22 01:22:14,824 [Worker-8] INFO  o.e.m.c.i.p.ProjectConfigurationManager - Update started
2019-04-22 01:22:16,335 [Worker-8] INFO  o.e.m.c.i.l.LifecycleMappingFactory - Using org.eclipse.m2e.jdt.JarLifecycleMapping lifecycle mapping for MavenProject: com.arghya.tool:springbackend:0.0.1-SNAPSHOT @ F:\Full_Stack_PPM_Tool\Spring_Backend\PPMToolBackEnd\pom.xml.
2019-04-22 01:22:21,515 [Worker-8] INFO  o.e.m.j.i.AbstractJavaProjectConfigurator - Adding source folder /PPMToolBackEnd/src/main/java
2019-04-22 01:22:21,516 [Worker-8] INFO  o.e.m.j.i.AbstractJavaProjectConfigurator - Adding resource folder /PPMToolBackEnd/src/main/resources
2019-04-22 01:22:21,531 [Worker-8] INFO  o.e.m.j.i.AbstractJavaProjectConfigurator - Adding resource folder /PPMToolBackEnd/src/main/resources
2019-04-22 01:22:21,539 [Worker-8] INFO  o.e.m.j.i.AbstractJavaProjectConfigurator - Adding source folder /PPMToolBackEnd/src/test/java
2019-04-22 01:22:21,968 [Worker-8] INFO  o.e.m.c.i.p.ProjectConfigurationManager - Update completed: 7 sec
2019-04-22 01:22:25,397 [Worker-24] INFO  o.e.m.c.i.embedder.EclipseLogger - Using 'UTF-8' encoding to copy filtered resources.
2019-04-22 01:22:25,398 [Worker-24] INFO  o.e.m.c.i.embedder.EclipseLogger - Copying 1 resource
2019-04-22 01:22:25,411 [Worker-24] INFO  o.e.m.c.i.embedder.EclipseLogger - Copying 0 resource
2019-04-22 01:22:25,414 [Worker-24] INFO  o.e.m.c.i.embedder.EclipseLogger - Using 'UTF-8' encoding to copy filtered resources.
2019-04-22 01:22:25,414 [Worker-24] INFO  o.e.m.c.i.embedder.EclipseLogger - skip non existing resourceDirectory F:\Full_Stack_PPM_Tool\Spring_Backend\PPMToolBackEnd\src\test\resources
2019-04-22 01:41:38,208 [Worker-81] INFO  o.e.m.c.i.embedder.EclipseLogger - Using 'UTF-8' encoding to copy filtered resources.
2019-04-22 01:41:38,212 [Worker-81] INFO  o.e.m.c.i.embedder.EclipseLogger - Copying 1 resource
2019-04-22 01:41:38,215 [Worker-81] INFO  o.e.m.c.i.embedder.EclipseLogger - Copying 0 resource
2019-04-22 01:41:38,217 [Worker-81] INFO  o.e.m.c.i.embedder.EclipseLogger - Using 'UTF-8' encoding to copy filtered resources.
2019-04-22 01:41:38,217 [Worker-81] INFO  o.e.m.c.i.embedder.EclipseLogger - skip non existing resourceDirectory F:\Full_Stack_PPM_Tool\Spring_Backend\PPMToolBackEnd\src\test\resources
2019-04-22 01:41:59,677 [Worker-80] INFO  o.e.m.c.i.embedder.EclipseLogger - Using 'UTF-8' encoding to copy filtered resources.
2019-04-22 01:41:59,678 [Worker-80] INFO  o.e.m.c.i.embedder.EclipseLogger - Copying 1 resource
2019-04-22 01:41:59,681 [Worker-80] INFO  o.e.m.c.i.embedder.EclipseLogger - Copying 0 resource
2019-04-22 01:41:59,687 [Worker-80] INFO  o.e.m.c.i.embedder.EclipseLogger - Using 'UTF-8' encoding to copy filtered resources.
2019-04-22 01:41:59,687 [Worker-80] INFO  o.e.m.c.i.embedder.EclipseLogger - skip non existing resourceDirectory F:\Full_Stack_PPM_Tool\Spring_Backend\PPMToolBackEnd\src\test\resources
2019-04-22 01:47:27,385 [Worker-74] INFO  o.e.m.c.i.embedder.EclipseLogger - Using 'UTF-8' encoding to copy filtered resources.
2019-04-22 01:47:27,387 [Worker-74] INFO  o.e.m.c.i.embedder.EclipseLogger - Copying 1 resource
2019-04-22 01:47:27,388 [Worker-74] INFO  o.e.m.c.i.embedder.EclipseLogger - Copying 0 resource
2019-04-22 01:47:27,390 [Worker-74] INFO  o.e.m.c.i.embedder.EclipseLogger - Using 'UTF-8' encoding to copy filtered resources.
2019-04-22 01:47:27,390 [Worker-74] INFO  o.e.m.c.i.embedder.EclipseLogger - skip non existing resourceDirectory F:\Full_Stack_PPM_Tool\Spring_Backend\PPMToolBackEnd\src\test\resources
2019-04-22 01:49:34,274 [Worker-80] INFO  o.e.m.c.i.embedder.EclipseLogger - Using 'UTF-8' encoding to copy filtered resources.
2019-04-22 01:49:34,275 [Worker-80] INFO  o.e.m.c.i.embedder.EclipseLogger - Copying 1 resource
2019-04-22 01:49:34,278 [Worker-80] INFO  o.e.m.c.i.embedder.EclipseLogger - Copying 0 resource
2019-04-22 01:49:34,280 [Worker-80] INFO  o.e.m.c.i.embedder.EclipseLogger - Using 'UTF-8' encoding to copy filtered resources.
2019-04-22 01:49:34,280 [Worker-80] INFO  o.e.m.c.i.embedder.EclipseLogger - skip non existing resourceDirectory F:\Full_Stack_PPM_Tool\Spring_Backend\PPMToolBackEnd\src\test\resources
2019-04-22 01:50:55,190 [Worker-81] INFO  o.e.m.c.i.embedder.EclipseLogger - Using 'UTF-8' encoding to copy filtered resources.
2019-04-22 01:50:55,192 [Worker-81] INFO  o.e.m.c.i.embedder.EclipseLogger - Copying 1 resource
2019-04-22 01:50:55,194 [Worker-81] INFO  o.e.m.c.i.embedder.EclipseLogger - Copying 0 resource
2019-04-22 01:50:55,198 [Worker-81] INFO  o.e.m.c.i.embedder.EclipseLogger - Using 'UTF-8' encoding to copy filtered resources.
2019-04-22 01:50:55,198 [Worker-81] INFO  o.e.m.c.i.embedder.EclipseLogger - skip non existing resourceDirectory F:\Full_Stack_PPM_Tool\Spring_Backend\PPMToolBackEnd\src\test\resources
2019-04-22 02:00:36,468 [Worker-88] INFO  o.e.m.c.i.embedder.EclipseLogger - Using 'UTF-8' encoding to copy filtered resources.
2019-04-22 02:00:36,469 [Worker-88] INFO  o.e.m.c.i.embedder.EclipseLogger - Copying 1 resource
2019-04-22 02:00:36,470 [Worker-88] INFO  o.e.m.c.i.embedder.EclipseLogger - Copying 0 resource
2019-04-22 02:00:36,473 [Worker-88] INFO  o.e.m.c.i.embedder.EclipseLogger - Using 'UTF-8' encoding to copy filtered resources.
2019-04-22 02:00:36,474 [Worker-88] INFO  o.e.m.c.i.embedder.EclipseLogger - skip non existing resourceDirectory F:\Full_Stack_PPM_Tool\Spring_Backend\PPMToolBackEnd\src\test\resources
2019-04-22 02:02:13,115 [Worker-87] INFO  o.e.m.c.i.embedder.EclipseLogger - Using 'UTF-8' encoding to copy filtered resources.
2019-04-22 02:02:13,115 [Worker-87] INFO  o.e.m.c.i.embedder.EclipseLogger - Copying 1 resource
2019-04-22 02:02:13,116 [Worker-87] INFO  o.e.m.c.i.embedder.EclipseLogger - Copying 0 resource
2019-04-22 02:02:13,118 [Worker-87] INFO  o.e.m.c.i.embedder.EclipseLogger - Using 'UTF-8' encoding to copy filtered resources.
2019-04-22 02:02:13,118 [Worker-87] INFO  o.e.m.c.i.embedder.EclipseLogger - skip non existing resourceDirectory F:\Full_Stack_PPM_Tool\Spring_Backend\PPMToolBackEnd\src\test\resources
2019-04-22 02:02:48,184 [Worker-87] INFO  o.e.m.c.i.embedder.EclipseLogger - Using 'UTF-8' encoding to copy filtered resources.
2019-04-22 02:02:48,185 [Worker-87] INFO  o.e.m.c.i.embedder.EclipseLogger - Copying 1 resource
2019-04-22 02:02:48,187 [Worker-87] INFO  o.e.m.c.i.embedder.EclipseLogger - Copying 0 resource
2019-04-22 02:02:48,190 [Worker-87] INFO  o.e.m.c.i.embedder.EclipseLogger - Using 'UTF-8' encoding to copy filtered resources.
2019-04-22 02:02:48,190 [Worker-87] INFO  o.e.m.c.i.embedder.EclipseLogger - skip non existing resourceDirectory F:\Full_Stack_PPM_Tool\Spring_Backend\PPMToolBackEnd\src\test\resources
2019-04-22 02:06:05,375 [Worker-83] INFO  o.e.m.c.i.embedder.EclipseLogger - Using 'UTF-8' encoding to copy filtered resources.
2019-04-22 02:06:05,376 [Worker-83] INFO  o.e.m.c.i.embedder.EclipseLogger - Copying 1 resource
2019-04-22 02:06:05,377 [Worker-83] INFO  o.e.m.c.i.embedder.EclipseLogger - Copying 0 resource
2019-04-22 02:06:05,379 [Worker-83] INFO  o.e.m.c.i.embedder.EclipseLogger - Using 'UTF-8' encoding to copy filtered resources.
2019-04-22 02:06:05,380 [Worker-83] INFO  o.e.m.c.i.embedder.EclipseLogger - skip non existing resourceDirectory F:\Full_Stack_PPM_Tool\Spring_Backend\PPMToolBackEnd\src\test\resources
